Using pre-set license
Built from '2021.2/staging' branch; Version is '2021.2.6f1 (8c4e826ba445) revision 9195138'; Using compiler version '192829333'; Build Type 'Release'
OS: 'Windows 10  (10.0.19042) 64bit Core' Language: 'fi' Physical Memory: 16335 MB
BatchMode: 1, IsHumanControllingUs: 0, StartBugReporterOnCrash: 0, Is64bit: 1, IsPro: 0

COMMAND LINE ARGUMENTS:
D:\Ohjelmat\Unity\2021.2.6f1\Editor\Unity.exe
-adb2
-batchMode
-noUpm
-name
AssetImportWorker1
-projectPath
Z:/Sekalaiset projektit/Paattisten luontopolku/Paattisten_luontopolku_WebXR
-logFile
Logs/AssetImportWorker1.log
-srvPort
55242
Successfully changed project path to: Z:/Sekalaiset projektit/Paattisten luontopolku/Paattisten_luontopolku_WebXR
Z:/Sekalaiset projektit/Paattisten luontopolku/Paattisten_luontopolku_WebXR
[UnityMemory] Configuration Parameters - Can be set up in boot.config
    "memorysetup-bucket-allocator-granularity=16"
    "memorysetup-bucket-allocator-bucket-count=8"
    "memorysetup-bucket-allocator-block-size=33554432"
    "memorysetup-bucket-allocator-block-count=8"
    "memorysetup-main-allocator-block-size=16777216"
    "memorysetup-thread-allocator-block-size=16777216"
    "memorysetup-gfx-main-allocator-block-size=16777216"
    "memorysetup-gfx-thread-allocator-block-size=16777216"
    "memorysetup-cache-allocator-block-size=4194304"
    "memorysetup-typetree-allocator-block-size=2097152"
    "memorysetup-profiler-bucket-allocator-granularity=16"
    "memorysetup-profiler-bucket-allocator-bucket-count=8"
    "memorysetup-profiler-bucket-allocator-block-size=33554432"
    "memorysetup-profiler-bucket-allocator-block-count=8"
    "memorysetup-profiler-allocator-block-size=16777216"
    "memorysetup-profiler-editor-allocator-block-size=1048576"
    "memorysetup-temp-allocator-size-main=16777216"
    "memorysetup-job-temp-allocator-block-size=2097152"
    "memorysetup-job-temp-allocator-block-size-background=1048576"
    "memorysetup-job-temp-allocator-reduction-small-platforms=262144"
    "memorysetup-temp-allocator-size-background-worker=32768"
    "memorysetup-temp-allocator-size-job-worker=262144"
    "memorysetup-temp-allocator-size-preload-manager=33554432"
    "memorysetup-temp-allocator-size-nav-mesh-worker=65536"
    "memorysetup-temp-allocator-size-audio-worker=65536"
    "memorysetup-temp-allocator-size-cloud-worker=32768"
    "memorysetup-temp-allocator-size-gi-baking-worker=262144"
    "memorysetup-temp-allocator-size-gfx=262144"
Refreshing native plugins compatible for Editor in 143.52 ms, found 3 plugins.
Preloading 0 native plugins for Editor in 0.00 ms.
Initialize engine version: 2021.2.6f1 (8c4e826ba445)
[Subsystems] Discovering subsystems at path D:/Ohjelmat/Unity/2021.2.6f1/Editor/Data/Resources/UnitySubsystems
[Subsystems] Discovering subsystems at path Z:/Sekalaiset projektit/Paattisten luontopolku/Paattisten_luontopolku_WebXR/Assets
GfxDevice: creating device client; threaded=0; jobified=0
Direct3D:
    Version:  Direct3D 11.0 [level 11.1]
    Renderer: NVIDIA GeForce GTX 1070 (ID=0x1b81)
    Vendor:   NVIDIA
    VRAM:     8088 MB
    Driver:   27.21.14.5751
Initialize mono
Mono path[0] = 'D:/Ohjelmat/Unity/2021.2.6f1/Editor/Data/Managed'
Mono path[1] = 'D:/Ohjelmat/Unity/2021.2.6f1/Editor/Data/MonoBleedingEdge/lib/mono/unityjit-win32'
Mono config path = 'D:/Ohjelmat/Unity/2021.2.6f1/Editor/Data/MonoBleedingEdge/etc'
Using monoOptions --debugger-agent=transport=dt_socket,embedding=1,server=y,suspend=n,address=127.0.0.1:56764
Begin MonoManager ReloadAssembly
Registering precompiled unity dll's ...
Register platform support module: D:/Ohjelmat/Unity/2021.2.6f1/Editor/Data/PlaybackEngines/WebGLSupport/UnityEditor.WebGL.Extensions.dll
Register platform support module: D:/Ohjelmat/Unity/2021.2.6f1/Editor/Data/PlaybackEngines/WindowsStandaloneSupport/UnityEditor.WindowsStandalone.Extensions.dll
Registered in 0.004717 seconds.
Native extension for WindowsStandalone target not found
Native extension for WebGL target not found
Refreshing native plugins compatible for Editor in 143.36 ms, found 3 plugins.
Preloading 0 native plugins for Editor in 0.00 ms.
Mono: successfully reloaded assembly
- Completed reload, in  0.799 seconds
Domain Reload Profiling:
	ReloadAssembly (799ms)
		BeginReloadAssembly (85ms)
			ExecutionOrderSort (0ms)
			DisableScriptedObjects (0ms)
			BackupInstance (0ms)
			ReleaseScriptingObjects (0ms)
			CreateAndSetChildDomain (1ms)
		EndReloadAssembly (625ms)
			LoadAssemblies (83ms)
			RebuildTransferFunctionScriptingTraits (0ms)
			SetupTypeCache (123ms)
			ReleaseScriptCaches (0ms)
			RebuildScriptCaches (33ms)
			SetupLoadedEditorAssemblies (406ms)
				LogAssemblyErrors (0ms)
				InitializePlatformSupportModulesInManaged (19ms)
				SetLoadedEditorAssemblies (0ms)
				RefreshPlugins (144ms)
				BeforeProcessingInitializeOnLoad (2ms)
				ProcessInitializeOnLoadAttributes (184ms)
				ProcessInitializeOnLoadMethodAttributes (57ms)
				AfterProcessingInitializeOnLoad (0ms)
				EditorAssembliesLoaded (0ms)
			ExecutionOrderSort2 (0ms)
			AwakeInstancesAfterBackupRestoration (0ms)
Platform modules already initialized, skipping
Registering precompiled user dll's ...
Registered in 0.005128 seconds.
Begin MonoManager ReloadAssembly
Symbol file LoadedFromMemory doesn't match image Z:\Sekalaiset projektit\Paattisten luontopolku\Paattisten_luontopolku_WebXR\Library\PackageCache\com.unity.visualscripting@1.7.2\Editor\VisualScripting.Core\Dependencies\YamlDotNet\Unity.VisualScripting.YamlDotNet.dll
Symbol file LoadedFromMemory doesn't match image Z:\Sekalaiset projektit\Paattisten luontopolku\Paattisten_luontopolku_WebXR\Library\PackageCache\com.unity.visualscripting@1.7.2\Editor\VisualScripting.Core\Dependencies\DotNetZip\Unity.VisualScripting.IonicZip.dll
Native extension for WindowsStandalone target not found
Native extension for WebGL target not found
Refreshing native plugins compatible for Editor in 136.73 ms, found 3 plugins.
Preloading 0 native plugins for Editor in 0.00 ms.
Package Manager log level set to [2]
Mono: successfully reloaded assembly
- Completed reload, in  1.422 seconds
Domain Reload Profiling:
	ReloadAssembly (1423ms)
		BeginReloadAssembly (130ms)
			ExecutionOrderSort (0ms)
			DisableScriptedObjects (8ms)
			BackupInstance (0ms)
			ReleaseScriptingObjects (0ms)
			CreateAndSetChildDomain (22ms)
		EndReloadAssembly (1178ms)
			LoadAssemblies (89ms)
			RebuildTransferFunctionScriptingTraits (0ms)
			SetupTypeCache (288ms)
			ReleaseScriptCaches (1ms)
			RebuildScriptCaches (69ms)
			SetupLoadedEditorAssemblies (678ms)
				LogAssemblyErrors (0ms)
				InitializePlatformSupportModulesInManaged (14ms)
				SetLoadedEditorAssemblies (0ms)
				RefreshPlugins (137ms)
				BeforeProcessingInitializeOnLoad (126ms)
				ProcessInitializeOnLoadAttributes (313ms)
				ProcessInitializeOnLoadMethodAttributes (84ms)
				AfterProcessingInitializeOnLoad (4ms)
				EditorAssembliesLoaded (0ms)
			ExecutionOrderSort2 (0ms)
			AwakeInstancesAfterBackupRestoration (6ms)
Platform modules already initialized, skipping
========================================================================
Worker process is ready to serve import requests
Launched and connected shader compiler UnityShaderCompiler.exe after 0.08 seconds
Refreshing native plugins compatible for Editor in 1.36 ms, found 3 plugins.
Preloading 0 native plugins for Editor in 0.00 ms.
Unloading 4332 Unused Serialized files (Serialized files now loaded: 0)
Unloading 26 unused Assets / (61.2 KB). Loaded Objects now: 4842.
Memory consumption went from 264.6 MB to 264.5 MB.
Total: 4.608200 ms (FindLiveObjects: 0.529500 ms CreateObjectMapping: 0.159700 ms MarkObjects: 3.735000 ms  DeleteObjects: 0.181400 ms)

AssetImportParameters requested are different than current active one (requested -> active):
  custom:video-decoder-ogg-theora: a1e56fd34408186e4bbccfd4996cb3dc -> 
  custom:container-muxer-webm: aa71ff27fc2769a1b78a27578f13a17b -> 
  custom:container-demuxer-webm: 4f35f7cbe854078d1ac9338744f61a02 -> 
  custom:video-encoder-webm-vp8: eb34c28f22e8b96e1ab97ce403110664 -> 
  custom:audio-encoder-webm-vorbis: bf7c407c2cedff20999df2af8eb42d56 -> 
  custom:framework-win-MediaFoundation: 216162199b28c13a410421893ffa2e32 -> 
  custom:container-demuxer-ogg: 62fdf1f143b41e24485cea50d1cbac27 -> 
  custom:video-decoder-webm-vp8: 9c59270c3fd7afecdb556c50c9e8de78 -> 
  custom:audio-decoder-ogg-vorbis: bf7c407c2cedff20999df2af8eb42d56 -> 
========================================================================
Received Import Request.
  Time since last request: 26629.612990 seconds.
  path: Assets/UNIVERSE/Materials/SUN.controller
  artifactKey: Guid(b9079f1d6dbe3c8478881533df871c66) Importer(815301076,1909f56bfc062723c751e8b465ee728b)
Start importing Assets/UNIVERSE/Materials/SUN.controller using Guid(b9079f1d6dbe3c8478881533df871c66) Importer(815301076,1909f56bfc062723c751e8b465ee728b)  -> (artifact id: 'f5768dd9c8e06b7f6f8c62d3ee47c3e4') in 0.047746 seconds 
========================================================================
Received Prepare
Registering precompiled user dll's ...
Registered in 0.005858 seconds.
Begin MonoManager ReloadAssembly
Symbol file LoadedFromMemory doesn't match image Z:\Sekalaiset projektit\Paattisten luontopolku\Paattisten_luontopolku_WebXR\Library\PackageCache\com.unity.visualscripting@1.7.2\Editor\VisualScripting.Core\Dependencies\YamlDotNet\Unity.VisualScripting.YamlDotNet.dll
Symbol file LoadedFromMemory doesn't match image Z:\Sekalaiset projektit\Paattisten luontopolku\Paattisten_luontopolku_WebXR\Library\PackageCache\com.unity.visualscripting@1.7.2\Editor\VisualScripting.Core\Dependencies\DotNetZip\Unity.VisualScripting.IonicZip.dll
Native extension for WindowsStandalone target not found
Native extension for WebGL target not found
Refreshing native plugins compatible for Editor in 1.34 ms, found 3 plugins.
Preloading 0 native plugins for Editor in 0.00 ms.
Mono: successfully reloaded assembly
- Completed reload, in  1.387 seconds
Domain Reload Profiling:
	ReloadAssembly (1387ms)
		BeginReloadAssembly (141ms)
			ExecutionOrderSort (0ms)
			DisableScriptedObjects (6ms)
			BackupInstance (0ms)
			ReleaseScriptingObjects (0ms)
			CreateAndSetChildDomain (40ms)
		EndReloadAssembly (1123ms)
			LoadAssemblies (95ms)
			RebuildTransferFunctionScriptingTraits (0ms)
			SetupTypeCache (320ms)
			ReleaseScriptCaches (2ms)
			RebuildScriptCaches (66ms)
			SetupLoadedEditorAssemblies (580ms)
				LogAssemblyErrors (0ms)
				InitializePlatformSupportModulesInManaged (17ms)
				SetLoadedEditorAssemblies (1ms)
				RefreshPlugins (1ms)
				BeforeProcessingInitializeOnLoad (108ms)
				ProcessInitializeOnLoadAttributes (352ms)
				ProcessInitializeOnLoadMethodAttributes (96ms)
				AfterProcessingInitializeOnLoad (5ms)
				EditorAssembliesLoaded (0ms)
			ExecutionOrderSort2 (0ms)
			AwakeInstancesAfterBackupRestoration (6ms)
Platform modules already initialized, skipping
Refreshing native plugins compatible for Editor in 1.38 ms, found 3 plugins.
Preloading 0 native plugins for Editor in 0.00 ms.
Unloading 4273 Unused Serialized files (Serialized files now loaded: 0)
Unloading 21 unused Assets / (24.6 KB). Loaded Objects now: 4845.
Memory consumption went from 260.4 MB to 260.4 MB.
Total: 4.625800 ms (FindLiveObjects: 0.517000 ms CreateObjectMapping: 0.143700 ms MarkObjects: 3.926500 ms  DeleteObjects: 0.036800 ms)

AssetImportParameters requested are different than current active one (requested -> active):
  custom:video-decoder-ogg-theora: a1e56fd34408186e4bbccfd4996cb3dc -> 
  custom:container-muxer-webm: aa71ff27fc2769a1b78a27578f13a17b -> 
  custom:container-demuxer-webm: 4f35f7cbe854078d1ac9338744f61a02 -> 
  custom:video-encoder-webm-vp8: eb34c28f22e8b96e1ab97ce403110664 -> 
  custom:audio-encoder-webm-vorbis: bf7c407c2cedff20999df2af8eb42d56 -> 
  custom:framework-win-MediaFoundation: 216162199b28c13a410421893ffa2e32 -> 
  custom:container-demuxer-ogg: 62fdf1f143b41e24485cea50d1cbac27 -> 
  custom:video-decoder-webm-vp8: 9c59270c3fd7afecdb556c50c9e8de78 -> 
  custom:audio-decoder-ogg-vorbis: bf7c407c2cedff20999df2af8eb42d56 -> 
========================================================================
Received Prepare
Registering precompiled user dll's ...
Registered in 0.005188 seconds.
Begin MonoManager ReloadAssembly
Symbol file LoadedFromMemory doesn't match image Z:\Sekalaiset projektit\Paattisten luontopolku\Paattisten_luontopolku_WebXR\Library\PackageCache\com.unity.visualscripting@1.7.2\Editor\VisualScripting.Core\Dependencies\YamlDotNet\Unity.VisualScripting.YamlDotNet.dll
Symbol file LoadedFromMemory doesn't match image Z:\Sekalaiset projektit\Paattisten luontopolku\Paattisten_luontopolku_WebXR\Library\PackageCache\com.unity.visualscripting@1.7.2\Editor\VisualScripting.Core\Dependencies\DotNetZip\Unity.VisualScripting.IonicZip.dll
Native extension for WindowsStandalone target not found
Native extension for WebGL target not found
Refreshing native plugins compatible for Editor in 1.21 ms, found 3 plugins.
Preloading 0 native plugins for Editor in 0.00 ms.
Mono: successfully reloaded assembly
- Completed reload, in  1.333 seconds
Domain Reload Profiling:
	ReloadAssembly (1333ms)
		BeginReloadAssembly (157ms)
			ExecutionOrderSort (0ms)
			DisableScriptedObjects (7ms)
			BackupInstance (0ms)
			ReleaseScriptingObjects (0ms)
			CreateAndSetChildDomain (42ms)
		EndReloadAssembly (1060ms)
			LoadAssemblies (159ms)
			RebuildTransferFunctionScriptingTraits (0ms)
			SetupTypeCache (308ms)
			ReleaseScriptCaches (2ms)
			RebuildScriptCaches (54ms)
			SetupLoadedEditorAssemblies (500ms)
				LogAssemblyErrors (0ms)
				InitializePlatformSupportModulesInManaged (15ms)
				SetLoadedEditorAssemblies (1ms)
				RefreshPlugins (1ms)
				BeforeProcessingInitializeOnLoad (92ms)
				ProcessInitializeOnLoadAttributes (300ms)
				ProcessInitializeOnLoadMethodAttributes (86ms)
				AfterProcessingInitializeOnLoad (4ms)
				EditorAssembliesLoaded (0ms)
			ExecutionOrderSort2 (0ms)
			AwakeInstancesAfterBackupRestoration (6ms)
Platform modules already initialized, skipping
Refreshing native plugins compatible for Editor in 1.23 ms, found 3 plugins.
Preloading 0 native plugins for Editor in 0.00 ms.
Unloading 4282 Unused Serialized files (Serialized files now loaded: 0)
Unloading 26 unused Assets / (1.3 MB). Loaded Objects now: 4852.
Memory consumption went from 262.5 MB to 261.2 MB.
Total: 4.917900 ms (FindLiveObjects: 0.503700 ms CreateObjectMapping: 0.141900 ms MarkObjects: 3.564000 ms  DeleteObjects: 0.706800 ms)

AssetImportParameters requested are different than current active one (requested -> active):
  custom:video-decoder-ogg-theora: a1e56fd34408186e4bbccfd4996cb3dc -> 
  custom:container-muxer-webm: aa71ff27fc2769a1b78a27578f13a17b -> 
  custom:container-demuxer-webm: 4f35f7cbe854078d1ac9338744f61a02 -> 
  custom:video-encoder-webm-vp8: eb34c28f22e8b96e1ab97ce403110664 -> 
  custom:audio-encoder-webm-vorbis: bf7c407c2cedff20999df2af8eb42d56 -> 
  custom:framework-win-MediaFoundation: 216162199b28c13a410421893ffa2e32 -> 
  custom:container-demuxer-ogg: 62fdf1f143b41e24485cea50d1cbac27 -> 
  custom:video-decoder-webm-vp8: 9c59270c3fd7afecdb556c50c9e8de78 -> 
  custom:audio-decoder-ogg-vorbis: bf7c407c2cedff20999df2af8eb42d56 -> 
========================================================================
Received Prepare
Registering precompiled user dll's ...
Registered in 0.004837 seconds.
Begin MonoManager ReloadAssembly
Symbol file LoadedFromMemory doesn't match image Z:\Sekalaiset projektit\Paattisten luontopolku\Paattisten_luontopolku_WebXR\Library\PackageCache\com.unity.visualscripting@1.7.2\Editor\VisualScripting.Core\Dependencies\YamlDotNet\Unity.VisualScripting.YamlDotNet.dll
Symbol file LoadedFromMemory doesn't match image Z:\Sekalaiset projektit\Paattisten luontopolku\Paattisten_luontopolku_WebXR\Library\PackageCache\com.unity.visualscripting@1.7.2\Editor\VisualScripting.Core\Dependencies\DotNetZip\Unity.VisualScripting.IonicZip.dll
Native extension for WindowsStandalone target not found
Native extension for WebGL target not found
Refreshing native plugins compatible for Editor in 1.86 ms, found 3 plugins.
Preloading 0 native plugins for Editor in 0.00 ms.
Mono: successfully reloaded assembly
- Completed reload, in  1.296 seconds
Domain Reload Profiling:
	ReloadAssembly (1297ms)
		BeginReloadAssembly (144ms)
			ExecutionOrderSort (0ms)
			DisableScriptedObjects (7ms)
			BackupInstance (0ms)
			ReleaseScriptingObjects (0ms)
			CreateAndSetChildDomain (41ms)
		EndReloadAssembly (1037ms)
			LoadAssemblies (93ms)
			RebuildTransferFunctionScriptingTraits (0ms)
			SetupTypeCache (279ms)
			ReleaseScriptCaches (2ms)
			RebuildScriptCaches (59ms)
			SetupLoadedEditorAssemblies (543ms)
				LogAssemblyErrors (0ms)
				InitializePlatformSupportModulesInManaged (18ms)
				SetLoadedEditorAssemblies (1ms)
				RefreshPlugins (2ms)
				BeforeProcessingInitializeOnLoad (115ms)
				ProcessInitializeOnLoadAttributes (315ms)
				ProcessInitializeOnLoadMethodAttributes (88ms)
				AfterProcessingInitializeOnLoad (4ms)
				EditorAssembliesLoaded (0ms)
			ExecutionOrderSort2 (0ms)
			AwakeInstancesAfterBackupRestoration (6ms)
Platform modules already initialized, skipping
Refreshing native plugins compatible for Editor in 1.31 ms, found 3 plugins.
Preloading 0 native plugins for Editor in 0.00 ms.
Unloading 4282 Unused Serialized files (Serialized files now loaded: 0)
Unloading 26 unused Assets / (1.3 MB). Loaded Objects now: 4855.
Memory consumption went from 262.5 MB to 261.3 MB.
Total: 4.877500 ms (FindLiveObjects: 0.507600 ms CreateObjectMapping: 0.130300 ms MarkObjects: 3.515500 ms  DeleteObjects: 0.722900 ms)

AssetImportParameters requested are different than current active one (requested -> active):
  custom:video-decoder-ogg-theora: a1e56fd34408186e4bbccfd4996cb3dc -> 
  custom:container-muxer-webm: aa71ff27fc2769a1b78a27578f13a17b -> 
  custom:container-demuxer-webm: 4f35f7cbe854078d1ac9338744f61a02 -> 
  custom:video-encoder-webm-vp8: eb34c28f22e8b96e1ab97ce403110664 -> 
  custom:audio-encoder-webm-vorbis: bf7c407c2cedff20999df2af8eb42d56 -> 
  custom:framework-win-MediaFoundation: 216162199b28c13a410421893ffa2e32 -> 
  custom:container-demuxer-ogg: 62fdf1f143b41e24485cea50d1cbac27 -> 
  custom:video-decoder-webm-vp8: 9c59270c3fd7afecdb556c50c9e8de78 -> 
  custom:audio-decoder-ogg-vorbis: bf7c407c2cedff20999df2af8eb42d56 -> 
========================================================================
Received Import Request.
  Time since last request: 693.122980 seconds.
  path: Assets/UNIVERSE/SolarSystem/Materials/Ceres_mat.mat
  artifactKey: Guid(858054097ec79c148870a1cfdcdeee4e) Importer(815301076,1909f56bfc062723c751e8b465ee728b)
Start importing Assets/UNIVERSE/SolarSystem/Materials/Ceres_mat.mat using Guid(858054097ec79c148870a1cfdcdeee4e) Importer(815301076,1909f56bfc062723c751e8b465ee728b)  -> (artifact id: '9868021e5920fe8cccc497c6fe900313') in 0.406201 seconds 
========================================================================
Received Import Request.
  Time since last request: 0.000032 seconds.
  path: Assets/UNIVERSE/SolarSystem/Materials/Ganymede_mat.mat
  artifactKey: Guid(d304be1108da3dd48a218be8a76c2483) Importer(815301076,1909f56bfc062723c751e8b465ee728b)
Start importing Assets/UNIVERSE/SolarSystem/Materials/Ganymede_mat.mat using Guid(d304be1108da3dd48a218be8a76c2483) Importer(815301076,1909f56bfc062723c751e8b465ee728b)  -> (artifact id: '8cf5c3635ebd067505ced3b38fb4015a') in 0.082705 seconds 
========================================================================
Received Import Request.
  Time since last request: 0.000028 seconds.
  path: Assets/UNIVERSE/SolarSystem/Materials/Triton_mat.mat
  artifactKey: Guid(984ce6f043a2c5d49a83ca429cf2b7c4) Importer(815301076,1909f56bfc062723c751e8b465ee728b)
Start importing Assets/UNIVERSE/SolarSystem/Materials/Triton_mat.mat using Guid(984ce6f043a2c5d49a83ca429cf2b7c4) Importer(815301076,1909f56bfc062723c751e8b465ee728b)  -> (artifact id: 'b7058eab4422fb17a623defdf029c789') in 0.017869 seconds 
========================================================================
Received Import Request.
  Time since last request: 0.000025 seconds.
  path: Assets/UNIVERSE/SolarSystem/Materials/Earth_mat.mat
  artifactKey: Guid(88c2ec07c13c5694693378303ae4b9c3) Importer(815301076,1909f56bfc062723c751e8b465ee728b)
Start importing Assets/UNIVERSE/SolarSystem/Materials/Earth_mat.mat using Guid(88c2ec07c13c5694693378303ae4b9c3) Importer(815301076,1909f56bfc062723c751e8b465ee728b)  -> (artifact id: '6166bc98f909ff6adfbce13a01bd7d01') in 0.176940 seconds 
========================================================================
Received Import Request.
  Time since last request: 0.000024 seconds.
  path: Assets/UNIVERSE/SolarSystem/Materials/Rhea_mat.mat
  artifactKey: Guid(439b970bafa504841b88f7e82dfd5293) Importer(815301076,1909f56bfc062723c751e8b465ee728b)
Start importing Assets/UNIVERSE/SolarSystem/Materials/Rhea_mat.mat using Guid(439b970bafa504841b88f7e82dfd5293) Importer(815301076,1909f56bfc062723c751e8b465ee728b)  -> (artifact id: 'ca3d828e04ba7c260d6a84c2390e9169') in 0.016649 seconds 
========================================================================
Received Import Request.
  Time since last request: 0.000046 seconds.
  path: Assets/UNIVERSE/SolarSystem/Materials/Jupiter_mat.mat
  artifactKey: Guid(a8ebdb1efe96e4b4285f19975e5cd61e) Importer(815301076,1909f56bfc062723c751e8b465ee728b)
Start importing Assets/UNIVERSE/SolarSystem/Materials/Jupiter_mat.mat using Guid(a8ebdb1efe96e4b4285f19975e5cd61e) Importer(815301076,1909f56bfc062723c751e8b465ee728b)  -> (artifact id: 'e6957f90cef465548a48c2bc657b2776') in 0.017277 seconds 
========================================================================
Received Import Request.
  Time since last request: 0.000024 seconds.
  path: Assets/UNIVERSE/SolarSystem/Materials/Moon_mat.mat
  artifactKey: Guid(3733843e6f8e3c84a8fa953d92cf8185) Importer(815301076,1909f56bfc062723c751e8b465ee728b)
Start importing Assets/UNIVERSE/SolarSystem/Materials/Moon_mat.mat using Guid(3733843e6f8e3c84a8fa953d92cf8185) Importer(815301076,1909f56bfc062723c751e8b465ee728b)  -> (artifact id: '3f5a938c22b302480fa9006cd876a528') in 0.025302 seconds 
========================================================================
Received Import Request.
  Time since last request: 0.000022 seconds.
  path: Assets/UNIVERSE/SolarSystem/Materials/Neptune_mat.mat
  artifactKey: Guid(f6c43c84281ea4c4da3f0a79c8af91e5) Importer(815301076,1909f56bfc062723c751e8b465ee728b)
Start importing Assets/UNIVERSE/SolarSystem/Materials/Neptune_mat.mat using Guid(f6c43c84281ea4c4da3f0a79c8af91e5) Importer(815301076,1909f56bfc062723c751e8b465ee728b)  -> (artifact id: 'da74dd5b09e3e13af77aa4f146982e04') in 0.015373 seconds 
========================================================================
Received Import Request.
  Time since last request: 0.000042 seconds.
  path: Assets/UNIVERSE/SolarSystem/Materials/Mars_mat.mat
  artifactKey: Guid(bca58603296f91440ae1d6ff37d1f4b4) Importer(815301076,1909f56bfc062723c751e8b465ee728b)
Start importing Assets/UNIVERSE/SolarSystem/Materials/Mars_mat.mat using Guid(bca58603296f91440ae1d6ff37d1f4b4) Importer(815301076,1909f56bfc062723c751e8b465ee728b)  -> (artifact id: '3511fe13b95667e75aba5047cb6ab902') in 0.105752 seconds 
========================================================================
Received Import Request.
  Time since last request: 0.000028 seconds.
  path: Assets/UNIVERSE/SolarSystem/Materials/Uranus_mat.mat
  artifactKey: Guid(9922bc685f3bc4e45ab0e5f38624eb9f) Importer(815301076,1909f56bfc062723c751e8b465ee728b)
Start importing Assets/UNIVERSE/SolarSystem/Materials/Uranus_mat.mat using Guid(9922bc685f3bc4e45ab0e5f38624eb9f) Importer(815301076,1909f56bfc062723c751e8b465ee728b)  -> (artifact id: '0e51a8ae985ec894785b813673db345f') in 0.015814 seconds 
========================================================================
Received Import Request.
  Time since last request: 0.000036 seconds.
  path: Assets/UNIVERSE/SolarSystem/Materials/Titan_mat.mat
  artifactKey: Guid(db3df4aa175e7c74999b5854f442e556) Importer(815301076,1909f56bfc062723c751e8b465ee728b)
Start importing Assets/UNIVERSE/SolarSystem/Materials/Titan_mat.mat using Guid(db3df4aa175e7c74999b5854f442e556) Importer(815301076,1909f56bfc062723c751e8b465ee728b)  -> (artifact id: 'b2070131643a8b3fa58874ade7dac643') in 0.017493 seconds 
========================================================================
Received Import Request.
  Time since last request: 0.000022 seconds.
  path: Assets/UNIVERSE/SolarSystem/Materials/Uranus_ring_mat.mat
  artifactKey: Guid(b7e40aaafdf4aae48bdf99e8ea54b74c) Importer(815301076,1909f56bfc062723c751e8b465ee728b)
Start importing Assets/UNIVERSE/SolarSystem/Materials/Uranus_ring_mat.mat using Guid(b7e40aaafdf4aae48bdf99e8ea54b74c) Importer(815301076,1909f56bfc062723c751e8b465ee728b)  -> (artifact id: '2a0230d91c5436cbbd8d76ae63127583') in 0.247404 seconds 
========================================================================
Received Import Request.
  Time since last request: 0.000022 seconds.
  path: Assets/UNIVERSE/SolarSystem/Materials/PointSource_mat.mat
  artifactKey: Guid(d00aabd9cdb1e48479d5aeee6df1c2af) Importer(815301076,1909f56bfc062723c751e8b465ee728b)
Start importing Assets/UNIVERSE/SolarSystem/Materials/PointSource_mat.mat using Guid(d00aabd9cdb1e48479d5aeee6df1c2af) Importer(815301076,1909f56bfc062723c751e8b465ee728b)  -> (artifact id: '63d841767b1bae20b0236a991c4f9672') in 0.020659 seconds 
========================================================================
Received Import Request.
  Time since last request: 0.000036 seconds.
  path: Assets/UNIVERSE/SolarSystem/Materials/Saturn_ring_mat.mat
  artifactKey: Guid(446de4039a9732a48bd03f106787b2d8) Importer(815301076,1909f56bfc062723c751e8b465ee728b)
Start importing Assets/UNIVERSE/SolarSystem/Materials/Saturn_ring_mat.mat using Guid(446de4039a9732a48bd03f106787b2d8) Importer(815301076,1909f56bfc062723c751e8b465ee728b)  -> (artifact id: 'fa573d77fb4aa03b26305f8087d6d3c0') in 0.023355 seconds 
========================================================================
Received Import Request.
  Time since last request: 0.000028 seconds.
  path: Assets/UNIVERSE/SolarSystem/Materials/Charon_mat.mat
  artifactKey: Guid(11371075f43022941b384baa5428fb5c) Importer(815301076,1909f56bfc062723c751e8b465ee728b)
Start importing Assets/UNIVERSE/SolarSystem/Materials/Charon_mat.mat using Guid(11371075f43022941b384baa5428fb5c) Importer(815301076,1909f56bfc062723c751e8b465ee728b)  -> (artifact id: '1e5b4c52ab338cf85b921e6ba0c20015') in 0.018955 seconds 
========================================================================
Received Import Request.
  Time since last request: 0.704756 seconds.
  path: Assets/UNIVERSE/SolarSystem/Models/sphere.fbx
  artifactKey: Guid(de3c07a9ee3d4894480695f833e8a69e) Importer(815301076,1909f56bfc062723c751e8b465ee728b)
Start importing Assets/UNIVERSE/SolarSystem/Models/sphere.fbx using Guid(de3c07a9ee3d4894480695f833e8a69e) Importer(815301076,1909f56bfc062723c751e8b465ee728b)  -> (artifact id: 'b5cdf025f7c05bddc9b3114fdd925ec1') in 0.333810 seconds 
========================================================================
Received Import Request.
  Time since last request: 0.825575 seconds.
  path: Assets/UNIVERSE/SolarSystem/Prefabs/Ceres.prefab
  artifactKey: Guid(757cd8ead0782324ba77dbb7996a8e28) Importer(815301076,1909f56bfc062723c751e8b465ee728b)
Start importing Assets/UNIVERSE/SolarSystem/Prefabs/Ceres.prefab using Guid(757cd8ead0782324ba77dbb7996a8e28) Importer(815301076,1909f56bfc062723c751e8b465ee728b)  -> (artifact id: '3019d43740dcb16fc5750537306bf675') in 0.019789 seconds 
========================================================================
Received Import Request.
  Time since last request: 0.000021 seconds.
  path: Assets/UNIVERSE/SolarSystem/Prefabs/Jupiter.prefab
  artifactKey: Guid(bf9598e1996e4cb43b578949432f9151) Importer(815301076,1909f56bfc062723c751e8b465ee728b)
Start importing Assets/UNIVERSE/SolarSystem/Prefabs/Jupiter.prefab using Guid(bf9598e1996e4cb43b578949432f9151) Importer(815301076,1909f56bfc062723c751e8b465ee728b)  -> (artifact id: 'b6d2a495d95672c46cb2eddeec843066') in 0.016263 seconds 
========================================================================
Received Import Request.
  Time since last request: 0.000023 seconds.
  path: Assets/UNIVERSE/SolarSystem/Prefabs/Earth.prefab
  artifactKey: Guid(574c00936d23a9747880ae39e9052cb2) Importer(815301076,1909f56bfc062723c751e8b465ee728b)
Start importing Assets/UNIVERSE/SolarSystem/Prefabs/Earth.prefab using Guid(574c00936d23a9747880ae39e9052cb2) Importer(815301076,1909f56bfc062723c751e8b465ee728b)  -> (artifact id: '25bc5ffe90cacfe3334698fdbfb03770') in 0.045569 seconds 
========================================================================
Received Import Request.
  Time since last request: 0.000035 seconds.
  path: Assets/UNIVERSE/SolarSystem/Prefabs/Triton.prefab
  artifactKey: Guid(b9029063811c70a46b0b1f5308cc3a01) Importer(815301076,1909f56bfc062723c751e8b465ee728b)
Start importing Assets/UNIVERSE/SolarSystem/Prefabs/Triton.prefab using Guid(b9029063811c70a46b0b1f5308cc3a01) Importer(815301076,1909f56bfc062723c751e8b465ee728b)  -> (artifact id: '327c6b54febcf11b5c560e5868ac1bf6') in 0.020686 seconds 
========================================================================
Received Import Request.
  Time since last request: 0.000038 seconds.
  path: Assets/UNIVERSE/SolarSystem/Prefabs/Rhea.prefab
  artifactKey: Guid(fd6ca74e3c906ab4687b6c3ae08472b1) Importer(815301076,1909f56bfc062723c751e8b465ee728b)
Start importing Assets/UNIVERSE/SolarSystem/Prefabs/Rhea.prefab using Guid(fd6ca74e3c906ab4687b6c3ae08472b1) Importer(815301076,1909f56bfc062723c751e8b465ee728b)  -> (artifact id: 'e5286a117427b2e2a0395f119483b704') in 0.025946 seconds 
========================================================================
Received Import Request.
  Time since last request: 0.000036 seconds.
  path: Assets/UNIVERSE/SolarSystem/Prefabs/Titan.prefab
  artifactKey: Guid(0bef6e3b482e33948a85c9f1cd3766f9) Importer(815301076,1909f56bfc062723c751e8b465ee728b)
Start importing Assets/UNIVERSE/SolarSystem/Prefabs/Titan.prefab using Guid(0bef6e3b482e33948a85c9f1cd3766f9) Importer(815301076,1909f56bfc062723c751e8b465ee728b)  -> (artifact id: 'f2efd2a207db8baa98a5a1a3a6b782ae') in 0.020945 seconds 
========================================================================
Received Import Request.
  Time since last request: 0.000029 seconds.
  path: Assets/UNIVERSE/SolarSystem/Prefabs/Saturn.prefab
  artifactKey: Guid(f9734c0341607ea438226ed42fdb426a) Importer(815301076,1909f56bfc062723c751e8b465ee728b)
Start importing Assets/UNIVERSE/SolarSystem/Prefabs/Saturn.prefab using Guid(f9734c0341607ea438226ed42fdb426a) Importer(815301076,1909f56bfc062723c751e8b465ee728b)  -> (artifact id: '525ae0763c6348184ddded4385bd33e0') in 0.027336 seconds 
========================================================================
Received Import Request.
  Time since last request: 0.000033 seconds.
  path: Assets/UNIVERSE/SolarSystem/Prefabs/Uranus.prefab
  artifactKey: Guid(67c18e965584cf44180316adf51bdf77) Importer(815301076,1909f56bfc062723c751e8b465ee728b)
Start importing Assets/UNIVERSE/SolarSystem/Prefabs/Uranus.prefab using Guid(67c18e965584cf44180316adf51bdf77) Importer(815301076,1909f56bfc062723c751e8b465ee728b)  -> (artifact id: 'b3d8923a0a4586a58227dac0d232ea54') in 0.026817 seconds 
========================================================================
Received Import Request.
  Time since last request: 0.000024 seconds.
  path: Assets/UNIVERSE/SolarSystem/Prefabs/Mars.prefab
  artifactKey: Guid(6b32d714c5ce1cd43a084f3b751f0e07) Importer(815301076,1909f56bfc062723c751e8b465ee728b)
Start importing Assets/UNIVERSE/SolarSystem/Prefabs/Mars.prefab using Guid(6b32d714c5ce1cd43a084f3b751f0e07) Importer(815301076,1909f56bfc062723c751e8b465ee728b)  -> (artifact id: 'd8e04a7409edbc2fa8fa073f34e98f4b') in 0.021282 seconds 
========================================================================
Received Import Request.
  Time since last request: 0.000025 seconds.
  path: Assets/UNIVERSE/SolarSystem/Prefabs/Ganymede.prefab
  artifactKey: Guid(3d3bf437efdcc934893a1ea6c558c278) Importer(815301076,1909f56bfc062723c751e8b465ee728b)
Start importing Assets/UNIVERSE/SolarSystem/Prefabs/Ganymede.prefab using Guid(3d3bf437efdcc934893a1ea6c558c278) Importer(815301076,1909f56bfc062723c751e8b465ee728b)  -> (artifact id: 'f9e6ad3af1646699afaf6253487a86ba') in 0.019373 seconds 
========================================================================
Received Import Request.
  Time since last request: 0.000040 seconds.
  path: Assets/UNIVERSE/SolarSystem/Prefabs/SimpleSysObjects.prefab
  artifactKey: Guid(4d44063189ae8574b9218ed72eea7b7d) Importer(815301076,1909f56bfc062723c751e8b465ee728b)
Start importing Assets/UNIVERSE/SolarSystem/Prefabs/SimpleSysObjects.prefab using Guid(4d44063189ae8574b9218ed72eea7b7d) Importer(815301076,1909f56bfc062723c751e8b465ee728b)  -> (artifact id: '9b98007ae5102822172528ccecacdab1') in 0.135999 seconds 
========================================================================
Received Import Request.
  Time since last request: 1.360746 seconds.
  path: Assets/UNIVERSE/SolarSystem/Textures/flare.tga
  artifactKey: Guid(2521e11574bad66489d3bd5cb8c9eaa0) Importer(815301076,1909f56bfc062723c751e8b465ee728b)
Start importing Assets/UNIVERSE/SolarSystem/Textures/flare.tga using Guid(2521e11574bad66489d3bd5cb8c9eaa0) Importer(815301076,1909f56bfc062723c751e8b465ee728b)  -> (artifact id: 'd8b82433f3f326b45d6c5d4e92f71ac6') in 0.080083 seconds 
========================================================================
Received Import Request.
  Time since last request: 0.000025 seconds.
  path: Assets/UNIVERSE/SolarSystem/Textures/texture_Saturn_ring.png
  artifactKey: Guid(598ea7233c264a249a248567ac1c4daf) Importer(815301076,1909f56bfc062723c751e8b465ee728b)
Start importing Assets/UNIVERSE/SolarSystem/Textures/texture_Saturn_ring.png using Guid(598ea7233c264a249a248567ac1c4daf) Importer(815301076,1909f56bfc062723c751e8b465ee728b)  -> (artifact id: 'e5514765e602a7eb7c6783705d82ee0a') in 0.033948 seconds 
========================================================================
Received Import Request.
  Time since last request: 0.000035 seconds.
  path: Assets/UNIVERSE/SolarSystem/Textures/texture_Venus.jpg
  artifactKey: Guid(1416035eaa801e746abb501c5f853d4e) Importer(815301076,1909f56bfc062723c751e8b465ee728b)
Start importing Assets/UNIVERSE/SolarSystem/Textures/texture_Venus.jpg using Guid(1416035eaa801e746abb501c5f853d4e) Importer(815301076,1909f56bfc062723c751e8b465ee728b)  -> (artifact id: 'abc209ab88fda7c7b2a157e2b74e18f9') in 0.018868 seconds 
========================================================================
Received Import Request.
  Time since last request: 0.000025 seconds.
  path: Assets/UNIVERSE/SolarSystem/Textures/texture_Earth_night.jpg
  artifactKey: Guid(4f501219b72d47d43aca0415594f76c9) Importer(815301076,1909f56bfc062723c751e8b465ee728b)
Start importing Assets/UNIVERSE/SolarSystem/Textures/texture_Earth_night.jpg using Guid(4f501219b72d47d43aca0415594f76c9) Importer(815301076,1909f56bfc062723c751e8b465ee728b)  -> (artifact id: '854f5c3d8d4de4264d3c3144dd3ca230') in 0.019167 seconds 
========================================================================
Received Import Request.
  Time since last request: 0.000028 seconds.
  path: Assets/UNIVERSE/SolarSystem/Textures/texture_Rhea.jpg
  artifactKey: Guid(da01b40dff42dc244b32bd22eac826e4) Importer(815301076,1909f56bfc062723c751e8b465ee728b)
Start importing Assets/UNIVERSE/SolarSystem/Textures/texture_Rhea.jpg using Guid(da01b40dff42dc244b32bd22eac826e4) Importer(815301076,1909f56bfc062723c751e8b465ee728b)  -> (artifact id: '7d1f82cde5adc2351d7f4039c69bf34e') in 0.018518 seconds 
========================================================================
Received Import Request.
  Time since last request: 0.000024 seconds.
  path: Assets/UNIVERSE/SolarSystem/Textures/texture_Ganymede.jpg
  artifactKey: Guid(f14b8d2384d8130488d1f9e4f4abd5aa) Importer(815301076,1909f56bfc062723c751e8b465ee728b)
Start importing Assets/UNIVERSE/SolarSystem/Textures/texture_Ganymede.jpg using Guid(f14b8d2384d8130488d1f9e4f4abd5aa) Importer(815301076,1909f56bfc062723c751e8b465ee728b)  -> (artifact id: '26ca0f62a14f9335dc389c356f01d34e') in 0.016429 seconds 
========================================================================
Received Import Request.
  Time since last request: 0.000028 seconds.
  path: Assets/UNIVERSE/SolarSystem/Textures/texture_Mars.jpg
  artifactKey: Guid(35490f1c0d3ef474e9bbe0048baebf04) Importer(815301076,1909f56bfc062723c751e8b465ee728b)
Start importing Assets/UNIVERSE/SolarSystem/Textures/texture_Mars.jpg using Guid(35490f1c0d3ef474e9bbe0048baebf04) Importer(815301076,1909f56bfc062723c751e8b465ee728b)  -> (artifact id: '67205a653dbe43c71a4fe5333dbe3f09') in 0.017699 seconds 
========================================================================
Received Import Request.
  Time since last request: 0.000023 seconds.
  path: Assets/UNIVERSE/SolarSystem/Textures/texture_Moon.jpg
  artifactKey: Guid(a0994a3ed18dc584db24d37b5a2be1d2) Importer(815301076,1909f56bfc062723c751e8b465ee728b)
Start importing Assets/UNIVERSE/SolarSystem/Textures/texture_Moon.jpg using Guid(a0994a3ed18dc584db24d37b5a2be1d2) Importer(815301076,1909f56bfc062723c751e8b465ee728b)  -> (artifact id: '5dc1d3007eaf793ff77ab03f88d4f198') in 0.020631 seconds 
========================================================================
Received Import Request.
  Time since last request: 0.000027 seconds.
  path: Assets/UNIVERSE/SolarSystem/Textures/texture_corona.png
  artifactKey: Guid(344f8e2c68a100a40b39a710c5910b8c) Importer(815301076,1909f56bfc062723c751e8b465ee728b)
Start importing Assets/UNIVERSE/SolarSystem/Textures/texture_corona.png using Guid(344f8e2c68a100a40b39a710c5910b8c) Importer(815301076,1909f56bfc062723c751e8b465ee728b)  -> (artifact id: '11904e3ff6baa0f72fd60ff362d288d6') in 0.016731 seconds 
========================================================================
Received Import Request.
  Time since last request: 0.000029 seconds.
  path: Assets/UNIVERSE/SolarSystem/Textures/texture_Pluto.jpg
  artifactKey: Guid(4a93e9ef94ea7d64896c0b273abf48d3) Importer(815301076,1909f56bfc062723c751e8b465ee728b)
Start importing Assets/UNIVERSE/SolarSystem/Textures/texture_Pluto.jpg using Guid(4a93e9ef94ea7d64896c0b273abf48d3) Importer(815301076,1909f56bfc062723c751e8b465ee728b)  -> (artifact id: '52892a4cf12a238bc357e4214235687b') in 0.015357 seconds 
========================================================================
Received Import Request.
  Time since last request: 0.000037 seconds.
  path: Assets/UNIVERSE/SolarSystem/Textures/texture_Ceres.jpg
  artifactKey: Guid(b144f5337f3e2ef4d8563726a3be6a75) Importer(815301076,1909f56bfc062723c751e8b465ee728b)
Start importing Assets/UNIVERSE/SolarSystem/Textures/texture_Ceres.jpg using Guid(b144f5337f3e2ef4d8563726a3be6a75) Importer(815301076,1909f56bfc062723c751e8b465ee728b)  -> (artifact id: '22a0212c75f1b5ef5a6c602f7d2c0090') in 0.015649 seconds 
========================================================================
Received Import Request.
  Time since last request: 0.000027 seconds.
  path: Assets/UNIVERSE/SolarSystem/Textures/texture_ringshadow.png
  artifactKey: Guid(cd3e24196a8ea8f4f8737c98604531b7) Importer(815301076,1909f56bfc062723c751e8b465ee728b)
Start importing Assets/UNIVERSE/SolarSystem/Textures/texture_ringshadow.png using Guid(cd3e24196a8ea8f4f8737c98604531b7) Importer(815301076,1909f56bfc062723c751e8b465ee728b)  -> (artifact id: '81062ba8b77c8e5e95c5a051ae85656e') in 0.014972 seconds 
========================================================================
Received Import Request.
  Time since last request: 0.000028 seconds.
  path: Assets/UNIVERSE/SolarSystem/Textures/texture_Uranus.jpg
  artifactKey: Guid(d147d1565ea7acf4dba80bd4ad9ebbe2) Importer(815301076,1909f56bfc062723c751e8b465ee728b)
Start importing Assets/UNIVERSE/SolarSystem/Textures/texture_Uranus.jpg using Guid(d147d1565ea7acf4dba80bd4ad9ebbe2) Importer(815301076,1909f56bfc062723c751e8b465ee728b)  -> (artifact id: '355f1dd1be5c31ddfb563d160ae71ced') in 0.014798 seconds 
========================================================================
Received Import Request.
  Time since last request: 0.000020 seconds.
  path: Assets/UNIVERSE/SolarSystem/Textures/texture_Earth.jpg
  artifactKey: Guid(180c731e4d0778b4a838c5df82b3891b) Importer(815301076,1909f56bfc062723c751e8b465ee728b)
Start importing Assets/UNIVERSE/SolarSystem/Textures/texture_Earth.jpg using Guid(180c731e4d0778b4a838c5df82b3891b) Importer(815301076,1909f56bfc062723c751e8b465ee728b)  -> (artifact id: 'a64a45fd446c82780bf4f3c2611b2b8b') in 0.015877 seconds 
========================================================================
Received Import Request.
  Time since last request: 0.000021 seconds.
  path: Assets/UNIVERSE/SolarSystem/Textures/texture_Rhea_normal.png
  artifactKey: Guid(85b86cfc53e07304980e6eb38ebcb21c) Importer(815301076,1909f56bfc062723c751e8b465ee728b)
Start importing Assets/UNIVERSE/SolarSystem/Textures/texture_Rhea_normal.png using Guid(85b86cfc53e07304980e6eb38ebcb21c) Importer(815301076,1909f56bfc062723c751e8b465ee728b)  -> (artifact id: '28d149752530c21684a2664cec31e1c1') in 0.015952 seconds 
========================================================================
Received Import Request.
  Time since last request: 0.000025 seconds.
  path: Assets/UNIVERSE/SolarSystem/Textures/texture_Triton.tga
  artifactKey: Guid(41580658c10262f449ea5eab3b065a82) Importer(815301076,1909f56bfc062723c751e8b465ee728b)
Start importing Assets/UNIVERSE/SolarSystem/Textures/texture_Triton.tga using Guid(41580658c10262f449ea5eab3b065a82) Importer(815301076,1909f56bfc062723c751e8b465ee728b)  -> (artifact id: '71350f5b05ed556ecf0edd99456e6fd3') in 0.014247 seconds 
========================================================================
Received Import Request.
  Time since last request: 0.000021 seconds.
  path: Assets/UNIVERSE/SolarSystem/Textures/texture_Moon_normal.jpg
  artifactKey: Guid(34b6443c95ba28445adc230a64ae435c) Importer(815301076,1909f56bfc062723c751e8b465ee728b)
Start importing Assets/UNIVERSE/SolarSystem/Textures/texture_Moon_normal.jpg using Guid(34b6443c95ba28445adc230a64ae435c) Importer(815301076,1909f56bfc062723c751e8b465ee728b)  -> (artifact id: 'c9988fea044b6e8d777b82cccb6a2b6b') in 0.019616 seconds 
========================================================================
Received Import Request.
  Time since last request: 0.000027 seconds.
  path: Assets/UNIVERSE/SolarSystem/Textures/texture_Jupiter.jpg
  artifactKey: Guid(236e295f094c6b941bf5d89b32ab7aa9) Importer(815301076,1909f56bfc062723c751e8b465ee728b)
Start importing Assets/UNIVERSE/SolarSystem/Textures/texture_Jupiter.jpg using Guid(236e295f094c6b941bf5d89b32ab7aa9) Importer(815301076,1909f56bfc062723c751e8b465ee728b)  -> (artifact id: '901490ffcf4766f19e72017a14e84f74') in 0.015566 seconds 
========================================================================
Received Import Request.
  Time since last request: 0.000028 seconds.
  path: Assets/UNIVERSE/SolarSystem/Textures/texture_Europa.jpg
  artifactKey: Guid(4a8723f8ee73a1245992920f531b43ca) Importer(815301076,1909f56bfc062723c751e8b465ee728b)
Start importing Assets/UNIVERSE/SolarSystem/Textures/texture_Europa.jpg using Guid(4a8723f8ee73a1245992920f531b43ca) Importer(815301076,1909f56bfc062723c751e8b465ee728b)  -> (artifact id: '41f2687c9876c98d7778af258ebc627c') in 0.015508 seconds 
========================================================================
Received Import Request.
  Time since last request: 0.000042 seconds.
  path: Assets/UNIVERSE/SolarSystem/Textures/texture_Charon.jpg
  artifactKey: Guid(a2cf29311f163bb429fa05f6b2babebc) Importer(815301076,1909f56bfc062723c751e8b465ee728b)
Start importing Assets/UNIVERSE/SolarSystem/Textures/texture_Charon.jpg using Guid(a2cf29311f163bb429fa05f6b2babebc) Importer(815301076,1909f56bfc062723c751e8b465ee728b)  -> (artifact id: 'eb1d44925227c7ee8d80b9f25b827fdf') in 0.015008 seconds 
Editor requested this worker to shutdown with reason: Scaling down because of idle timeout
AssetImportWorker is now disconnected from the server
Process exiting
Exiting without the bug reporter. Application will terminate with return code 0