Using pre-set license
Built from '2021.2/staging' branch; Version is '2021.2.6f1 (8c4e826ba445) revision 9195138'; Using compiler version '192829333'; Build Type 'Release'
OS: 'Windows 10  (10.0.19044) 64bit Core' Language: 'fi' Physical Memory: 16335 MB
BatchMode: 1, IsHumanControllingUs: 0, StartBugReporterOnCrash: 0, Is64bit: 1, IsPro: 0

COMMAND LINE ARGUMENTS:
D:\Ohjelmat\Unity\2021.2.6f1\Editor\Unity.exe
-adb2
-batchMode
-noUpm
-name
AssetImportWorker6
-projectPath
Z:/Sekalaiset projektit/Paattisten luontopolku/Paattisten_luontopolku_WebXR
-logFile
Logs/AssetImportWorker6.log
-srvPort
64600
Successfully changed project path to: Z:/Sekalaiset projektit/Paattisten luontopolku/Paattisten_luontopolku_WebXR
Z:/Sekalaiset projektit/Paattisten luontopolku/Paattisten_luontopolku_WebXR
[UnityMemory] Configuration Parameters - Can be set up in boot.config
    "memorysetup-bucket-allocator-granularity=16"
    "memorysetup-bucket-allocator-bucket-count=8"
    "memorysetup-bucket-allocator-block-size=33554432"
    "memorysetup-bucket-allocator-block-count=8"
    "memorysetup-main-allocator-block-size=16777216"
    "memorysetup-thread-allocator-block-size=16777216"
    "memorysetup-gfx-main-allocator-block-size=16777216"
    "memorysetup-gfx-thread-allocator-block-size=16777216"
    "memorysetup-cache-allocator-block-size=4194304"
    "memorysetup-typetree-allocator-block-size=2097152"
    "memorysetup-profiler-bucket-allocator-granularity=16"
    "memorysetup-profiler-bucket-allocator-bucket-count=8"
    "memorysetup-profiler-bucket-allocator-block-size=33554432"
    "memorysetup-profiler-bucket-allocator-block-count=8"
    "memorysetup-profiler-allocator-block-size=16777216"
    "memorysetup-profiler-editor-allocator-block-size=1048576"
    "memorysetup-temp-allocator-size-main=16777216"
    "memorysetup-job-temp-allocator-block-size=2097152"
    "memorysetup-job-temp-allocator-block-size-background=1048576"
    "memorysetup-job-temp-allocator-reduction-small-platforms=262144"
    "memorysetup-temp-allocator-size-background-worker=32768"
    "memorysetup-temp-allocator-size-job-worker=262144"
    "memorysetup-temp-allocator-size-preload-manager=33554432"
    "memorysetup-temp-allocator-size-nav-mesh-worker=65536"
    "memorysetup-temp-allocator-size-audio-worker=65536"
    "memorysetup-temp-allocator-size-cloud-worker=32768"
    "memorysetup-temp-allocator-size-gi-baking-worker=262144"
    "memorysetup-temp-allocator-size-gfx=262144"
Refreshing native plugins compatible for Editor in 157.11 ms, found 3 plugins.
Preloading 0 native plugins for Editor in 0.00 ms.
Initialize engine version: 2021.2.6f1 (8c4e826ba445)
[Subsystems] Discovering subsystems at path D:/Ohjelmat/Unity/2021.2.6f1/Editor/Data/Resources/UnitySubsystems
[Subsystems] Discovering subsystems at path Z:/Sekalaiset projektit/Paattisten luontopolku/Paattisten_luontopolku_WebXR/Assets
GfxDevice: creating device client; threaded=0; jobified=0
Direct3D:
    Version:  Direct3D 11.0 [level 11.1]
    Renderer: NVIDIA GeForce GTX 1070 (ID=0x1b81)
    Vendor:   NVIDIA
    VRAM:     8088 MB
    Driver:   27.21.14.5751
Initialize mono
Mono path[0] = 'D:/Ohjelmat/Unity/2021.2.6f1/Editor/Data/Managed'
Mono path[1] = 'D:/Ohjelmat/Unity/2021.2.6f1/Editor/Data/MonoBleedingEdge/lib/mono/unityjit-win32'
Mono config path = 'D:/Ohjelmat/Unity/2021.2.6f1/Editor/Data/MonoBleedingEdge/etc'
Using monoOptions --debugger-agent=transport=dt_socket,embedding=1,server=y,suspend=n,address=127.0.0.1:56144
Begin MonoManager ReloadAssembly
Registering precompiled unity dll's ...
Register platform support module: D:/Ohjelmat/Unity/2021.2.6f1/Editor/Data/PlaybackEngines/WebGLSupport/UnityEditor.WebGL.Extensions.dll
Register platform support module: D:/Ohjelmat/Unity/2021.2.6f1/Editor/Data/PlaybackEngines/WindowsStandaloneSupport/UnityEditor.WindowsStandalone.Extensions.dll
Registered in 0.004356 seconds.
Native extension for WindowsStandalone target not found
Native extension for WebGL target not found
Refreshing native plugins compatible for Editor in 155.46 ms, found 3 plugins.
Preloading 0 native plugins for Editor in 0.00 ms.
Mono: successfully reloaded assembly
- Completed reload, in  0.824 seconds
Domain Reload Profiling:
	ReloadAssembly (824ms)
		BeginReloadAssembly (90ms)
			ExecutionOrderSort (0ms)
			DisableScriptedObjects (0ms)
			BackupInstance (0ms)
			ReleaseScriptingObjects (0ms)
			CreateAndSetChildDomain (1ms)
		EndReloadAssembly (643ms)
			LoadAssemblies (89ms)
			RebuildTransferFunctionScriptingTraits (0ms)
			SetupTypeCache (128ms)
			ReleaseScriptCaches (0ms)
			RebuildScriptCaches (33ms)
			SetupLoadedEditorAssemblies (419ms)
				LogAssemblyErrors (0ms)
				InitializePlatformSupportModulesInManaged (19ms)
				SetLoadedEditorAssemblies (0ms)
				RefreshPlugins (156ms)
				BeforeProcessingInitializeOnLoad (2ms)
				ProcessInitializeOnLoadAttributes (184ms)
				ProcessInitializeOnLoadMethodAttributes (59ms)
				AfterProcessingInitializeOnLoad (0ms)
				EditorAssembliesLoaded (0ms)
			ExecutionOrderSort2 (0ms)
			AwakeInstancesAfterBackupRestoration (0ms)
Platform modules already initialized, skipping
Registering precompiled user dll's ...
Registered in 0.005038 seconds.
Begin MonoManager ReloadAssembly
Symbol file LoadedFromMemory doesn't match image Z:\Sekalaiset projektit\Paattisten luontopolku\Paattisten_luontopolku_WebXR\Library\PackageCache\com.unity.visualscripting@1.7.2\Editor\VisualScripting.Core\Dependencies\YamlDotNet\Unity.VisualScripting.YamlDotNet.dll
Symbol file LoadedFromMemory doesn't match image Z:\Sekalaiset projektit\Paattisten luontopolku\Paattisten_luontopolku_WebXR\Library\PackageCache\com.unity.visualscripting@1.7.2\Editor\VisualScripting.Core\Dependencies\DotNetZip\Unity.VisualScripting.IonicZip.dll
Native extension for WindowsStandalone target not found
Native extension for WebGL target not found
Refreshing native plugins compatible for Editor in 147.12 ms, found 3 plugins.
Preloading 0 native plugins for Editor in 0.00 ms.
Package Manager log level set to [2]
Mono: successfully reloaded assembly
- Completed reload, in  1.431 seconds
Domain Reload Profiling:
	ReloadAssembly (1432ms)
		BeginReloadAssembly (130ms)
			ExecutionOrderSort (0ms)
			DisableScriptedObjects (8ms)
			BackupInstance (0ms)
			ReleaseScriptingObjects (0ms)
			CreateAndSetChildDomain (22ms)
		EndReloadAssembly (1179ms)
			LoadAssemblies (94ms)
			RebuildTransferFunctionScriptingTraits (0ms)
			SetupTypeCache (285ms)
			ReleaseScriptCaches (1ms)
			RebuildScriptCaches (68ms)
			SetupLoadedEditorAssemblies (677ms)
				LogAssemblyErrors (0ms)
				InitializePlatformSupportModulesInManaged (14ms)
				SetLoadedEditorAssemblies (0ms)
				RefreshPlugins (147ms)
				BeforeProcessingInitializeOnLoad (117ms)
				ProcessInitializeOnLoadAttributes (312ms)
				ProcessInitializeOnLoadMethodAttributes (83ms)
				AfterProcessingInitializeOnLoad (4ms)
				EditorAssembliesLoaded (0ms)
			ExecutionOrderSort2 (0ms)
			AwakeInstancesAfterBackupRestoration (6ms)
Platform modules already initialized, skipping
========================================================================
Worker process is ready to serve import requests
Launched and connected shader compiler UnityShaderCompiler.exe after 0.05 seconds
Refreshing native plugins compatible for Editor in 1.21 ms, found 3 plugins.
Preloading 0 native plugins for Editor in 0.00 ms.
Unloading 4342 Unused Serialized files (Serialized files now loaded: 0)
Unloading 26 unused Assets / (60.6 KB). Loaded Objects now: 4855.
Memory consumption went from 267.2 MB to 267.1 MB.
Total: 4.205400 ms (FindLiveObjects: 0.442300 ms CreateObjectMapping: 0.130400 ms MarkObjects: 3.501100 ms  DeleteObjects: 0.130400 ms)

AssetImportParameters requested are different than current active one (requested -> active):
  custom:video-decoder-ogg-theora: a1e56fd34408186e4bbccfd4996cb3dc -> 
  custom:container-muxer-webm: aa71ff27fc2769a1b78a27578f13a17b -> 
  custom:container-demuxer-webm: 4f35f7cbe854078d1ac9338744f61a02 -> 
  custom:video-encoder-webm-vp8: eb34c28f22e8b96e1ab97ce403110664 -> 
  custom:audio-encoder-webm-vorbis: bf7c407c2cedff20999df2af8eb42d56 -> 
  custom:framework-win-MediaFoundation: 216162199b28c13a410421893ffa2e32 -> 
  custom:container-demuxer-ogg: 62fdf1f143b41e24485cea50d1cbac27 -> 
  custom:video-decoder-webm-vp8: 9c59270c3fd7afecdb556c50c9e8de78 -> 
  custom:audio-decoder-ogg-vorbis: bf7c407c2cedff20999df2af8eb42d56 -> 
========================================================================
Received Import Request.
  Time since last request: 115418.904181 seconds.
  path: Assets/Models/Saniainen/Fern.mat
  artifactKey: Guid(fa1e12ab37e5d2c45897c3af28721076) Importer(815301076,1909f56bfc062723c751e8b465ee728b)
Start importing Assets/Models/Saniainen/Fern.mat using Guid(fa1e12ab37e5d2c45897c3af28721076) Importer(815301076,1909f56bfc062723c751e8b465ee728b)  -> (artifact id: 'a5b43e67563e4a4a7620eb3d1fa8e51e') in 0.151561 seconds 
========================================================================
Received Import Request.
  Time since last request: 12.921334 seconds.
  path: Assets/Models/Kuusi/Leaves.mat
  artifactKey: Guid(c75fc71b787deda429f06a878f85d89d) Importer(815301076,1909f56bfc062723c751e8b465ee728b)
Start importing Assets/Models/Kuusi/Leaves.mat using Guid(c75fc71b787deda429f06a878f85d89d) Importer(815301076,1909f56bfc062723c751e8b465ee728b)  -> (artifact id: '3720779d96237c3a8f38b14c59abc05e') in 0.027088 seconds 
========================================================================
Received Import Request.
  Time since last request: 75.564176 seconds.
  path: Assets/Models/Mänty1/Pine_s_1_Material_Base_Color_opacity.png
  artifactKey: Guid(97000126210f041408ad39dfb461d665) Importer(815301076,1909f56bfc062723c751e8b465ee728b)
Start importing Assets/Models/Mänty1/Pine_s_1_Material_Base_Color_opacity.png using Guid(97000126210f041408ad39dfb461d665) Importer(815301076,1909f56bfc062723c751e8b465ee728b)  -> (artifact id: '02775570ac04ddaa2a72936ec2bb7f10') in 0.034633 seconds 
========================================================================
Received Import Request.
  Time since last request: 0.000037 seconds.
  path: Assets/Models/Mänty1/Pine_s_1_Material_Base_Color_opacity2.png
  artifactKey: Guid(7cd12b4a8af320d498cbfdf7066a1330) Importer(815301076,1909f56bfc062723c751e8b465ee728b)
Start importing Assets/Models/Mänty1/Pine_s_1_Material_Base_Color_opacity2.png using Guid(7cd12b4a8af320d498cbfdf7066a1330) Importer(815301076,1909f56bfc062723c751e8b465ee728b)  -> (artifact id: '608d9b668dfc0533760f04a1cdccf86a') in 0.017197 seconds 
========================================================================
Received Import Request.
  Time since last request: 24.476495 seconds.
  path: Assets/Models/Mänty2/Trunk.mat
  artifactKey: Guid(2e861f13db258334e9e53b5cece7642e) Importer(815301076,1909f56bfc062723c751e8b465ee728b)
Start importing Assets/Models/Mänty2/Trunk.mat using Guid(2e861f13db258334e9e53b5cece7642e) Importer(815301076,1909f56bfc062723c751e8b465ee728b)  -> (artifact id: 'c867fec066cdeecea2d932b9cfa18464') in 0.021780 seconds 
========================================================================
Received Import Request.
  Time since last request: 38.922733 seconds.
  path: Assets/Materials/NewLayer 1.terrainlayer
  artifactKey: Guid(0b8ba2251839bf44cabe3432d0189da3) Importer(815301076,1909f56bfc062723c751e8b465ee728b)
Start importing Assets/Materials/NewLayer 1.terrainlayer using Guid(0b8ba2251839bf44cabe3432d0189da3) Importer(815301076,1909f56bfc062723c751e8b465ee728b)  -> (artifact id: '4280d3a624a8d13e4c67b7efaa0f2903') in 0.061949 seconds 
========================================================================
Received Import Request.
  Time since last request: 170.718828 seconds.
  path: Assets/Materials/HDRIs/Forest_sphere.mat
  artifactKey: Guid(8fb1b73f88f0c7145a02feaf061ee2de) Importer(815301076,1909f56bfc062723c751e8b465ee728b)
Start importing Assets/Materials/HDRIs/Forest_sphere.mat using Guid(8fb1b73f88f0c7145a02feaf061ee2de) Importer(815301076,1909f56bfc062723c751e8b465ee728b)  -> (artifact id: '8476e3f290330123666a2aa27628b415') in 0.017312 seconds 
========================================================================
Received Import Request.
  Time since last request: 5.882699 seconds.
  path: Assets/Materials/HDRIs/Nature_skybox.mat
  artifactKey: Guid(701fb121e24c8324fbe97c0619418de8) Importer(815301076,1909f56bfc062723c751e8b465ee728b)
Start importing Assets/Materials/HDRIs/Nature_skybox.mat using Guid(701fb121e24c8324fbe97c0619418de8) Importer(815301076,1909f56bfc062723c751e8b465ee728b)  -> (artifact id: '30eff7bd2a15f678298dadb6f1aa90c8') in 0.018459 seconds 
========================================================================
Received Import Request.
  Time since last request: 271.941662 seconds.
  path: Assets/Particle_Effects/Fire & Explosion Effects/Textures/LargeFlame02.tif
  artifactKey: Guid(01dc1c1c99bf4984ca35c1591d3eeb54) Importer(815301076,1909f56bfc062723c751e8b465ee728b)
Start importing Assets/Particle_Effects/Fire & Explosion Effects/Textures/LargeFlame02.tif using Guid(01dc1c1c99bf4984ca35c1591d3eeb54) Importer(815301076,1909f56bfc062723c751e8b465ee728b)  -> (artifact id: '09255f47915ce504aeba706345d26d97') in 0.257437 seconds 
========================================================================
Received Import Request.
  Time since last request: 0.000070 seconds.
  path: Assets/Particle_Effects/Fire & Explosion Effects/Textures/MedumFlame02.tif
  artifactKey: Guid(abae5aff661c865459feb3f058a09ae9) Importer(815301076,1909f56bfc062723c751e8b465ee728b)
Start importing Assets/Particle_Effects/Fire & Explosion Effects/Textures/MedumFlame02.tif using Guid(abae5aff661c865459feb3f058a09ae9) Importer(815301076,1909f56bfc062723c751e8b465ee728b)  -> (artifact id: 'bedb0c7dcff66effea44224cef88b56e') in 0.116656 seconds 
========================================================================
Received Import Request.
  Time since last request: 0.000039 seconds.
  path: Assets/Particle_Effects/Fire & Explosion Effects/Textures/SmokePuffNormal.tif
  artifactKey: Guid(3bc01580ce4f1834eb3562397607f51d) Importer(815301076,1909f56bfc062723c751e8b465ee728b)
Start importing Assets/Particle_Effects/Fire & Explosion Effects/Textures/SmokePuffNormal.tif using Guid(3bc01580ce4f1834eb3562397607f51d) Importer(815301076,1909f56bfc062723c751e8b465ee728b)  -> (artifact id: 'ec2ab8881ea1f1c14bdf25ad18ff08d2') in 0.088981 seconds 
========================================================================
Received Import Request.
  Time since last request: 0.000043 seconds.
  path: Assets/Particle_Effects/Fire & Explosion Effects/Textures/TinyStones.png
  artifactKey: Guid(ce97ed62c0a56e84ab25e22c8dfd5bca) Importer(815301076,1909f56bfc062723c751e8b465ee728b)
Start importing Assets/Particle_Effects/Fire & Explosion Effects/Textures/TinyStones.png using Guid(ce97ed62c0a56e84ab25e22c8dfd5bca) Importer(815301076,1909f56bfc062723c751e8b465ee728b)  -> (artifact id: 'e70559a719ef47e81135fe2ccd8dcfd6') in 0.043660 seconds 
========================================================================
Received Import Request.
  Time since last request: 0.000034 seconds.
  path: Assets/Particle_Effects/Fire & Explosion Effects/Textures/TinyFlame.tif
  artifactKey: Guid(4aa9e9c9f98c7a449ac023f74184d0b0) Importer(815301076,1909f56bfc062723c751e8b465ee728b)
Start importing Assets/Particle_Effects/Fire & Explosion Effects/Textures/TinyFlame.tif using Guid(4aa9e9c9f98c7a449ac023f74184d0b0) Importer(815301076,1909f56bfc062723c751e8b465ee728b)  -> (artifact id: '2e85c21cc48d72f593e089a281d976dc') in 0.019267 seconds 
========================================================================
Received Import Request.
  Time since last request: 0.000024 seconds.
  path: Assets/Particle_Effects/Fire & Explosion Effects/Textures/ramp01.png
  artifactKey: Guid(99e09a9bd0f10384fa2a3bcbd5c65c9d) Importer(815301076,1909f56bfc062723c751e8b465ee728b)
Start importing Assets/Particle_Effects/Fire & Explosion Effects/Textures/ramp01.png using Guid(99e09a9bd0f10384fa2a3bcbd5c65c9d) Importer(815301076,1909f56bfc062723c751e8b465ee728b)  -> (artifact id: '8afece3425c0fc4648ecbfe1c0655514') in 0.055535 seconds 
========================================================================
Received Import Request.
  Time since last request: 0.000031 seconds.
  path: Assets/Particle_Effects/Fire & Explosion Effects/Textures/LightningTrail.tif
  artifactKey: Guid(06e4a78c75e10c145a9156e32089ec9c) Importer(815301076,1909f56bfc062723c751e8b465ee728b)
Start importing Assets/Particle_Effects/Fire & Explosion Effects/Textures/LightningTrail.tif using Guid(06e4a78c75e10c145a9156e32089ec9c) Importer(815301076,1909f56bfc062723c751e8b465ee728b)  -> (artifact id: '0e339a548171fb245650d30f6433cb35') in 0.061430 seconds 
========================================================================
Received Import Request.
  Time since last request: 0.000039 seconds.
  path: Assets/Particle_Effects/Fire & Explosion Effects/Textures/SmokePuff02.png
  artifactKey: Guid(d3c9883e2f0eef44f9241b6f8428f9fc) Importer(815301076,1909f56bfc062723c751e8b465ee728b)
Start importing Assets/Particle_Effects/Fire & Explosion Effects/Textures/SmokePuff02.png using Guid(d3c9883e2f0eef44f9241b6f8428f9fc) Importer(815301076,1909f56bfc062723c751e8b465ee728b)  -> (artifact id: '8c05e612a036b4574ac6400b8a06680a') in 0.077583 seconds 
========================================================================
Received Import Request.
  Time since last request: 0.000033 seconds.
  path: Assets/Particle_Effects/Fire & Explosion Effects/Textures/MediumFlame03.tif
  artifactKey: Guid(8ac487e221970a74fbf27f24086ea441) Importer(815301076,1909f56bfc062723c751e8b465ee728b)
Start importing Assets/Particle_Effects/Fire & Explosion Effects/Textures/MediumFlame03.tif using Guid(8ac487e221970a74fbf27f24086ea441) Importer(815301076,1909f56bfc062723c751e8b465ee728b)  -> (artifact id: '41e2b5ceb5718c04677fcdaa439d2e51') in 0.080454 seconds 
========================================================================
Received Import Request.
  Time since last request: 0.000027 seconds.
  path: Assets/Particle_Effects/Fire & Explosion Effects/Textures/MediumFlame01.tif
  artifactKey: Guid(1b9340725602e9d40a4e86d4b9dfcb78) Importer(815301076,1909f56bfc062723c751e8b465ee728b)
Start importing Assets/Particle_Effects/Fire & Explosion Effects/Textures/MediumFlame01.tif using Guid(1b9340725602e9d40a4e86d4b9dfcb78) Importer(815301076,1909f56bfc062723c751e8b465ee728b)  -> (artifact id: 'cab97fdb20e6f4038d3d04dc78dbac44') in 0.076287 seconds 
Editor requested this worker to shutdown with reason: Scaling down because of idle timeout
AssetImportWorker is now disconnected from the server
Process exiting
Exiting without the bug reporter. Application will terminate with return code 0