Using pre-set license
Built from '2021.2/staging' branch; Version is '2021.2.6f1 (8c4e826ba445) revision 9195138'; Using compiler version '192829333'; Build Type 'Release'
OS: 'Windows 10  (10.0.19044) 64bit Core' Language: 'fi' Physical Memory: 16335 MB
BatchMode: 1, IsHumanControllingUs: 0, StartBugReporterOnCrash: 0, Is64bit: 1, IsPro: 0

COMMAND LINE ARGUMENTS:
D:\Ohjelmat\Unity\2021.2.6f1\Editor\Unity.exe
-adb2
-batchMode
-noUpm
-name
AssetImportWorker2
-projectPath
Z:/Sekalaiset projektit/Paattisten luontopolku/Paattisten_luontopolku_WebXR
-logFile
Logs/AssetImportWorker2.log
-srvPort
64600
Successfully changed project path to: Z:/Sekalaiset projektit/Paattisten luontopolku/Paattisten_luontopolku_WebXR
Z:/Sekalaiset projektit/Paattisten luontopolku/Paattisten_luontopolku_WebXR
[UnityMemory] Configuration Parameters - Can be set up in boot.config
    "memorysetup-bucket-allocator-granularity=16"
    "memorysetup-bucket-allocator-bucket-count=8"
    "memorysetup-bucket-allocator-block-size=33554432"
    "memorysetup-bucket-allocator-block-count=8"
    "memorysetup-main-allocator-block-size=16777216"
    "memorysetup-thread-allocator-block-size=16777216"
    "memorysetup-gfx-main-allocator-block-size=16777216"
    "memorysetup-gfx-thread-allocator-block-size=16777216"
    "memorysetup-cache-allocator-block-size=4194304"
    "memorysetup-typetree-allocator-block-size=2097152"
    "memorysetup-profiler-bucket-allocator-granularity=16"
    "memorysetup-profiler-bucket-allocator-bucket-count=8"
    "memorysetup-profiler-bucket-allocator-block-size=33554432"
    "memorysetup-profiler-bucket-allocator-block-count=8"
    "memorysetup-profiler-allocator-block-size=16777216"
    "memorysetup-profiler-editor-allocator-block-size=1048576"
    "memorysetup-temp-allocator-size-main=16777216"
    "memorysetup-job-temp-allocator-block-size=2097152"
    "memorysetup-job-temp-allocator-block-size-background=1048576"
    "memorysetup-job-temp-allocator-reduction-small-platforms=262144"
    "memorysetup-temp-allocator-size-background-worker=32768"
    "memorysetup-temp-allocator-size-job-worker=262144"
    "memorysetup-temp-allocator-size-preload-manager=33554432"
    "memorysetup-temp-allocator-size-nav-mesh-worker=65536"
    "memorysetup-temp-allocator-size-audio-worker=65536"
    "memorysetup-temp-allocator-size-cloud-worker=32768"
    "memorysetup-temp-allocator-size-gi-baking-worker=262144"
    "memorysetup-temp-allocator-size-gfx=262144"
Refreshing native plugins compatible for Editor in 305.89 ms, found 3 plugins.
Preloading 0 native plugins for Editor in 0.00 ms.
Initialize engine version: 2021.2.6f1 (8c4e826ba445)
[Subsystems] Discovering subsystems at path D:/Ohjelmat/Unity/2021.2.6f1/Editor/Data/Resources/UnitySubsystems
[Subsystems] Discovering subsystems at path Z:/Sekalaiset projektit/Paattisten luontopolku/Paattisten_luontopolku_WebXR/Assets
GfxDevice: creating device client; threaded=0; jobified=0
Direct3D:
    Version:  Direct3D 11.0 [level 11.1]
    Renderer: NVIDIA GeForce GTX 1070 (ID=0x1b81)
    Vendor:   NVIDIA
    VRAM:     8088 MB
    Driver:   27.21.14.5751
Initialize mono
Mono path[0] = 'D:/Ohjelmat/Unity/2021.2.6f1/Editor/Data/Managed'
Mono path[1] = 'D:/Ohjelmat/Unity/2021.2.6f1/Editor/Data/MonoBleedingEdge/lib/mono/unityjit-win32'
Mono config path = 'D:/Ohjelmat/Unity/2021.2.6f1/Editor/Data/MonoBleedingEdge/etc'
Using monoOptions --debugger-agent=transport=dt_socket,embedding=1,server=y,suspend=n,address=127.0.0.1:56952
Begin MonoManager ReloadAssembly
Registering precompiled unity dll's ...
Register platform support module: D:/Ohjelmat/Unity/2021.2.6f1/Editor/Data/PlaybackEngines/WebGLSupport/UnityEditor.WebGL.Extensions.dll
Register platform support module: D:/Ohjelmat/Unity/2021.2.6f1/Editor/Data/PlaybackEngines/WindowsStandaloneSupport/UnityEditor.WindowsStandalone.Extensions.dll
Registered in 0.004674 seconds.
Native extension for WindowsStandalone target not found
Native extension for WebGL target not found
Refreshing native plugins compatible for Editor in 149.77 ms, found 3 plugins.
Preloading 0 native plugins for Editor in 0.00 ms.
Mono: successfully reloaded assembly
- Completed reload, in  0.849 seconds
Domain Reload Profiling:
	ReloadAssembly (850ms)
		BeginReloadAssembly (83ms)
			ExecutionOrderSort (0ms)
			DisableScriptedObjects (0ms)
			BackupInstance (0ms)
			ReleaseScriptingObjects (0ms)
			CreateAndSetChildDomain (1ms)
		EndReloadAssembly (660ms)
			LoadAssemblies (82ms)
			RebuildTransferFunctionScriptingTraits (0ms)
			SetupTypeCache (136ms)
			ReleaseScriptCaches (0ms)
			RebuildScriptCaches (38ms)
			SetupLoadedEditorAssemblies (422ms)
				LogAssemblyErrors (0ms)
				InitializePlatformSupportModulesInManaged (19ms)
				SetLoadedEditorAssemblies (0ms)
				RefreshPlugins (150ms)
				BeforeProcessingInitializeOnLoad (2ms)
				ProcessInitializeOnLoadAttributes (184ms)
				ProcessInitializeOnLoadMethodAttributes (66ms)
				AfterProcessingInitializeOnLoad (0ms)
				EditorAssembliesLoaded (0ms)
			ExecutionOrderSort2 (0ms)
			AwakeInstancesAfterBackupRestoration (0ms)
Platform modules already initialized, skipping
Registering precompiled user dll's ...
Registered in 0.005020 seconds.
Begin MonoManager ReloadAssembly
Symbol file LoadedFromMemory doesn't match image Z:\Sekalaiset projektit\Paattisten luontopolku\Paattisten_luontopolku_WebXR\Library\PackageCache\com.unity.visualscripting@1.7.2\Editor\VisualScripting.Core\Dependencies\YamlDotNet\Unity.VisualScripting.YamlDotNet.dll
Symbol file LoadedFromMemory doesn't match image Z:\Sekalaiset projektit\Paattisten luontopolku\Paattisten_luontopolku_WebXR\Library\PackageCache\com.unity.visualscripting@1.7.2\Editor\VisualScripting.Core\Dependencies\DotNetZip\Unity.VisualScripting.IonicZip.dll
Native extension for WindowsStandalone target not found
Native extension for WebGL target not found
Refreshing native plugins compatible for Editor in 147.30 ms, found 3 plugins.
Preloading 0 native plugins for Editor in 0.00 ms.
Package Manager log level set to [2]
Mono: successfully reloaded assembly
- Completed reload, in  1.459 seconds
Domain Reload Profiling:
	ReloadAssembly (1460ms)
		BeginReloadAssembly (137ms)
			ExecutionOrderSort (0ms)
			DisableScriptedObjects (8ms)
			BackupInstance (0ms)
			ReleaseScriptingObjects (0ms)
			CreateAndSetChildDomain (22ms)
		EndReloadAssembly (1209ms)
			LoadAssemblies (89ms)
			RebuildTransferFunctionScriptingTraits (0ms)
			SetupTypeCache (303ms)
			ReleaseScriptCaches (1ms)
			RebuildScriptCaches (72ms)
			SetupLoadedEditorAssemblies (684ms)
				LogAssemblyErrors (0ms)
				InitializePlatformSupportModulesInManaged (14ms)
				SetLoadedEditorAssemblies (0ms)
				RefreshPlugins (147ms)
				BeforeProcessingInitializeOnLoad (119ms)
				ProcessInitializeOnLoadAttributes (317ms)
				ProcessInitializeOnLoadMethodAttributes (83ms)
				AfterProcessingInitializeOnLoad (4ms)
				EditorAssembliesLoaded (0ms)
			ExecutionOrderSort2 (0ms)
			AwakeInstancesAfterBackupRestoration (6ms)
Platform modules already initialized, skipping
========================================================================
Worker process is ready to serve import requests
Launched and connected shader compiler UnityShaderCompiler.exe after 0.09 seconds
Refreshing native plugins compatible for Editor in 1.99 ms, found 3 plugins.
Preloading 0 native plugins for Editor in 0.00 ms.
Unloading 4342 Unused Serialized files (Serialized files now loaded: 0)
Unloading 26 unused Assets / (60.6 KB). Loaded Objects now: 4855.
Memory consumption went from 267.2 MB to 267.2 MB.
Total: 5.006000 ms (FindLiveObjects: 0.536400 ms CreateObjectMapping: 0.216400 ms MarkObjects: 4.068500 ms  DeleteObjects: 0.183000 ms)

AssetImportParameters requested are different than current active one (requested -> active):
  custom:video-decoder-ogg-theora: a1e56fd34408186e4bbccfd4996cb3dc -> 
  custom:container-muxer-webm: aa71ff27fc2769a1b78a27578f13a17b -> 
  custom:container-demuxer-webm: 4f35f7cbe854078d1ac9338744f61a02 -> 
  custom:video-encoder-webm-vp8: eb34c28f22e8b96e1ab97ce403110664 -> 
  custom:audio-encoder-webm-vorbis: bf7c407c2cedff20999df2af8eb42d56 -> 
  custom:framework-win-MediaFoundation: 216162199b28c13a410421893ffa2e32 -> 
  custom:container-demuxer-ogg: 62fdf1f143b41e24485cea50d1cbac27 -> 
  custom:video-decoder-webm-vp8: 9c59270c3fd7afecdb556c50c9e8de78 -> 
  custom:audio-decoder-ogg-vorbis: bf7c407c2cedff20999df2af8eb42d56 -> 
========================================================================
Received Import Request.
  Time since last request: 114357.480062 seconds.
  path: Assets/Models/Ceramic/Ceramic 3 4/Texture/Brown2/Ceramic 3 4_Metallic_Brown2.png
  artifactKey: Guid(d6b3fa28bc05ab041ad8dcec21b71438) Importer(815301076,1909f56bfc062723c751e8b465ee728b)
Start importing Assets/Models/Ceramic/Ceramic 3 4/Texture/Brown2/Ceramic 3 4_Metallic_Brown2.png using Guid(d6b3fa28bc05ab041ad8dcec21b71438) Importer(815301076,1909f56bfc062723c751e8b465ee728b)  -> (artifact id: '9f32936101d74edd75711599c466860b') in 0.123638 seconds 
========================================================================
Received Import Request.
  Time since last request: 0.000039 seconds.
  path: Assets/Models/Ceramic/Ceramic 3 4/Texture/Green1/Ceramic 3 4_Metallic_Green1.png
  artifactKey: Guid(52bd5639be5fd5f4a8a807995a619987) Importer(815301076,1909f56bfc062723c751e8b465ee728b)
Start importing Assets/Models/Ceramic/Ceramic 3 4/Texture/Green1/Ceramic 3 4_Metallic_Green1.png using Guid(52bd5639be5fd5f4a8a807995a619987) Importer(815301076,1909f56bfc062723c751e8b465ee728b)  -> (artifact id: '6a7ea34b9dba5a8bab65fa31dc65af19') in 0.019717 seconds 
========================================================================
Received Import Request.
  Time since last request: 0.000037 seconds.
  path: Assets/Models/Ceramic/Ceramic 3 4/Texture/Gray2/Ceramic 3 4_Metallic_Gray2.png
  artifactKey: Guid(1132218254d39e6478740d5a9e3a4aef) Importer(815301076,1909f56bfc062723c751e8b465ee728b)
Start importing Assets/Models/Ceramic/Ceramic 3 4/Texture/Gray2/Ceramic 3 4_Metallic_Gray2.png using Guid(1132218254d39e6478740d5a9e3a4aef) Importer(815301076,1909f56bfc062723c751e8b465ee728b)  -> (artifact id: 'ce9d5599d1819f91a9c8b8a3966e5d84') in 0.020387 seconds 
========================================================================
Received Import Request.
  Time since last request: 14.000420 seconds.
  path: Assets/Models/Ceramic/Ceramic 3 broken/Texture/Brown1/ceramic 3 broken_Metallic_Brown1.png
  artifactKey: Guid(1492cc74502bb72448349a1834129eb4) Importer(815301076,1909f56bfc062723c751e8b465ee728b)
Start importing Assets/Models/Ceramic/Ceramic 3 broken/Texture/Brown1/ceramic 3 broken_Metallic_Brown1.png using Guid(1492cc74502bb72448349a1834129eb4) Importer(815301076,1909f56bfc062723c751e8b465ee728b)  -> (artifact id: 'febd2efe98a32f5122826152070a74a7') in 0.018246 seconds 
========================================================================
Received Import Request.
  Time since last request: 0.000034 seconds.
  path: Assets/Models/Ceramic/Ceramic 3 broken/Texture/Green2/ceramic 3 broken_Metallic_Green2.png
  artifactKey: Guid(95a285c4101eb164891d138a0bc0d78d) Importer(815301076,1909f56bfc062723c751e8b465ee728b)
Start importing Assets/Models/Ceramic/Ceramic 3 broken/Texture/Green2/ceramic 3 broken_Metallic_Green2.png using Guid(95a285c4101eb164891d138a0bc0d78d) Importer(815301076,1909f56bfc062723c751e8b465ee728b)  -> (artifact id: '0977094ca3f49f9139ee446d11629dfe') in 0.016271 seconds 
========================================================================
Received Import Request.
  Time since last request: 0.000041 seconds.
  path: Assets/Models/Ceramic/Ceramic 3 broken/Texture/Brown5/ceramic 3 broken_Metallic_Brown5.png
  artifactKey: Guid(faad7565773becf438866812f9b40a63) Importer(815301076,1909f56bfc062723c751e8b465ee728b)
Start importing Assets/Models/Ceramic/Ceramic 3 broken/Texture/Brown5/ceramic 3 broken_Metallic_Brown5.png using Guid(faad7565773becf438866812f9b40a63) Importer(815301076,1909f56bfc062723c751e8b465ee728b)  -> (artifact id: 'b18095a21edea653d592d3a45fcc783c') in 0.017326 seconds 
========================================================================
Received Import Request.
  Time since last request: 0.000040 seconds.
  path: Assets/Models/Ceramic/Ceramic 3 broken/Texture/Gray2/ceramic 3 broken_Metallic_Gray2.png
  artifactKey: Guid(7ca0de4235cb58249833ee54750dec3a) Importer(815301076,1909f56bfc062723c751e8b465ee728b)
Start importing Assets/Models/Ceramic/Ceramic 3 broken/Texture/Gray2/ceramic 3 broken_Metallic_Gray2.png using Guid(7ca0de4235cb58249833ee54750dec3a) Importer(815301076,1909f56bfc062723c751e8b465ee728b)  -> (artifact id: '7697c75a16a2ec8ee4014b74a51d05a7') in 0.018507 seconds 
========================================================================
Received Import Request.
  Time since last request: 19.658651 seconds.
  path: Assets/Models/Ceramic/Ceramic 5 6/Texture/Brown1/Ceramic 5 6_Metallic_Brown1.png
  artifactKey: Guid(f022aa33507afa043b00a3d440467864) Importer(815301076,1909f56bfc062723c751e8b465ee728b)
Start importing Assets/Models/Ceramic/Ceramic 5 6/Texture/Brown1/Ceramic 5 6_Metallic_Brown1.png using Guid(f022aa33507afa043b00a3d440467864) Importer(815301076,1909f56bfc062723c751e8b465ee728b)  -> (artifact id: 'c5f4b20c5eddd65aa1bcdfcf3e652f6f') in 0.016241 seconds 
========================================================================
Received Import Request.
  Time since last request: 0.000042 seconds.
  path: Assets/Models/Ceramic/Ceramic 5 6/Texture/Green2/Ceramic 5 6_Metallic_Green2.png
  artifactKey: Guid(858807b7ed98d8a449381aa2964dc80c) Importer(815301076,1909f56bfc062723c751e8b465ee728b)
Start importing Assets/Models/Ceramic/Ceramic 5 6/Texture/Green2/Ceramic 5 6_Metallic_Green2.png using Guid(858807b7ed98d8a449381aa2964dc80c) Importer(815301076,1909f56bfc062723c751e8b465ee728b)  -> (artifact id: 'adc2b7bb050c855662ab6723575af706') in 0.017540 seconds 
========================================================================
Received Import Request.
  Time since last request: 0.000057 seconds.
  path: Assets/Models/Ceramic/Ceramic 5 6/Texture/Gray2/Ceramic 5 6_Metallic_Gray2.png
  artifactKey: Guid(c539cf91b9c8c0b448a5864e5587215c) Importer(815301076,1909f56bfc062723c751e8b465ee728b)
Start importing Assets/Models/Ceramic/Ceramic 5 6/Texture/Gray2/Ceramic 5 6_Metallic_Gray2.png using Guid(c539cf91b9c8c0b448a5864e5587215c) Importer(815301076,1909f56bfc062723c751e8b465ee728b)  -> (artifact id: '33af32f1408f777ed580fe12c0b6fe28') in 0.020207 seconds 
========================================================================
Received Import Request.
  Time since last request: 0.000027 seconds.
  path: Assets/Models/Ceramic/Ceramic 5 6/Texture/Green1/Ceramic 5 6_Metallic_Green1.png
  artifactKey: Guid(5aeeda9104fae524194dee1b4fb4bca1) Importer(815301076,1909f56bfc062723c751e8b465ee728b)
Start importing Assets/Models/Ceramic/Ceramic 5 6/Texture/Green1/Ceramic 5 6_Metallic_Green1.png using Guid(5aeeda9104fae524194dee1b4fb4bca1) Importer(815301076,1909f56bfc062723c751e8b465ee728b)  -> (artifact id: '1ce635801d36ad17087c61311d7006b5') in 0.014646 seconds 
========================================================================
Received Import Request.
  Time since last request: 2.068623 seconds.
  path: Assets/Models/Ceramic/Ceramic 7 broken/Texture/Brown2/Ceramic 7 broken_Normal_Brown2.png
  artifactKey: Guid(7ec5afc0c690ac7458772401754be6b3) Importer(815301076,1909f56bfc062723c751e8b465ee728b)
Start importing Assets/Models/Ceramic/Ceramic 7 broken/Texture/Brown2/Ceramic 7 broken_Normal_Brown2.png using Guid(7ec5afc0c690ac7458772401754be6b3) Importer(815301076,1909f56bfc062723c751e8b465ee728b)  -> (artifact id: 'd868cd5e7548b5dea5ffd90622d4f8ec') in 0.093164 seconds 
========================================================================
Received Import Request.
  Time since last request: 0.000034 seconds.
  path: Assets/Models/Ceramic/Ceramic 7 broken/Texture/Gray2/Ceramic 7 broken_Normal_Gray2.png
  artifactKey: Guid(47f9a6e2152e17e4f92a8531f5e6b413) Importer(815301076,1909f56bfc062723c751e8b465ee728b)
Start importing Assets/Models/Ceramic/Ceramic 7 broken/Texture/Gray2/Ceramic 7 broken_Normal_Gray2.png using Guid(47f9a6e2152e17e4f92a8531f5e6b413) Importer(815301076,1909f56bfc062723c751e8b465ee728b)  -> (artifact id: '2e17e22d7fb5d726306a4d324c9032c5') in 0.071560 seconds 
========================================================================
Received Import Request.
  Time since last request: 7.006261 seconds.
  path: Assets/Models/Ceramic/Ceramic 7 8 9/Texture/Brown1/Ceramic 7 8 9_Metallic_Brown1.png
  artifactKey: Guid(92dbc2e6114a917459b1df5b5e4df30f) Importer(815301076,1909f56bfc062723c751e8b465ee728b)
Start importing Assets/Models/Ceramic/Ceramic 7 8 9/Texture/Brown1/Ceramic 7 8 9_Metallic_Brown1.png using Guid(92dbc2e6114a917459b1df5b5e4df30f) Importer(815301076,1909f56bfc062723c751e8b465ee728b)  -> (artifact id: 'c3fd8a4babecb0fc6699800eb008b05c') in 0.014216 seconds 
========================================================================
Received Import Request.
  Time since last request: 0.000030 seconds.
  path: Assets/Models/Ceramic/Ceramic 7 8 9/Texture/Gray2/Ceramic 7 8 9_Metallic_Gray2.png
  artifactKey: Guid(d8871e231297b5044820153aa6341acf) Importer(815301076,1909f56bfc062723c751e8b465ee728b)
Start importing Assets/Models/Ceramic/Ceramic 7 8 9/Texture/Gray2/Ceramic 7 8 9_Metallic_Gray2.png using Guid(d8871e231297b5044820153aa6341acf) Importer(815301076,1909f56bfc062723c751e8b465ee728b)  -> (artifact id: '043fa6b9b0d1fd78ef78f813cc74a92c') in 0.018903 seconds 
========================================================================
Received Import Request.
  Time since last request: 0.000047 seconds.
  path: Assets/Models/Ceramic/Ceramic 7 8 9/Texture/Green1/Ceramic 7 8 9_Metallic_Green1.png
  artifactKey: Guid(2a23e1515273545489584829c7614bbd) Importer(815301076,1909f56bfc062723c751e8b465ee728b)
Start importing Assets/Models/Ceramic/Ceramic 7 8 9/Texture/Green1/Ceramic 7 8 9_Metallic_Green1.png using Guid(2a23e1515273545489584829c7614bbd) Importer(815301076,1909f56bfc062723c751e8b465ee728b)  -> (artifact id: 'eb655be72db993cbbb1766be2ecafe37') in 0.015201 seconds 
========================================================================
Received Import Request.
  Time since last request: 0.000054 seconds.
  path: Assets/Models/Ceramic/Ceramic 7 8 9/Texture/Brown5/Ceramic 7 8 9_Metallic_Brown5.png
  artifactKey: Guid(00be7486b47acf04796fb8d49188e9e8) Importer(815301076,1909f56bfc062723c751e8b465ee728b)
Start importing Assets/Models/Ceramic/Ceramic 7 8 9/Texture/Brown5/Ceramic 7 8 9_Metallic_Brown5.png using Guid(00be7486b47acf04796fb8d49188e9e8) Importer(815301076,1909f56bfc062723c751e8b465ee728b)  -> (artifact id: '96c4682751d9be9e2b4015ae33a535dc') in 0.018041 seconds 
========================================================================
Received Import Request.
  Time since last request: 0.611733 seconds.
  path: Assets/Models/Ceramic/Ceramic 7 broken/Texture/Green1/Ceramic 7 broken_Normal_Green1.png
  artifactKey: Guid(c94dd629a8bd07e47bc537a35dc2ecc0) Importer(815301076,1909f56bfc062723c751e8b465ee728b)
Start importing Assets/Models/Ceramic/Ceramic 7 broken/Texture/Green1/Ceramic 7 broken_Normal_Green1.png using Guid(c94dd629a8bd07e47bc537a35dc2ecc0) Importer(815301076,1909f56bfc062723c751e8b465ee728b)  -> (artifact id: '47fe5a79f413277ea534a6dd53e8709b') in 0.118957 seconds 
========================================================================
Received Import Request.
  Time since last request: 0.537822 seconds.
  path: Assets/Models/Kuusi/Tannenast_png.png
  artifactKey: Guid(06466f9d6fb0a2e45833086cda6ab44f) Importer(815301076,1909f56bfc062723c751e8b465ee728b)
Start importing Assets/Models/Kuusi/Tannenast_png.png using Guid(06466f9d6fb0a2e45833086cda6ab44f) Importer(815301076,1909f56bfc062723c751e8b465ee728b)  -> (artifact id: 'c14764b606fda51621822c143bc3fb86') in 0.035896 seconds 
========================================================================
Received Import Request.
  Time since last request: 7.597573 seconds.
  path: Assets/Models/Ceramic/Ceramic 7 broken/Texture/Brown1/Ceramic 7 broken_Metallic_Brown1.png
  artifactKey: Guid(7b241204d5101cf4696980de2cd29433) Importer(815301076,1909f56bfc062723c751e8b465ee728b)
Start importing Assets/Models/Ceramic/Ceramic 7 broken/Texture/Brown1/Ceramic 7 broken_Metallic_Brown1.png using Guid(7b241204d5101cf4696980de2cd29433) Importer(815301076,1909f56bfc062723c751e8b465ee728b)  -> (artifact id: '725441f92eae4149b0aab060918abe78') in 0.014850 seconds 
========================================================================
Received Import Request.
  Time since last request: 0.000043 seconds.
  path: Assets/Models/Ceramic/Ceramic 7 broken/Texture/Brown4/Ceramic 7 broken_Metallic_Brown4.png
  artifactKey: Guid(c6c05ff9710bea2488e1bcdcc7860d28) Importer(815301076,1909f56bfc062723c751e8b465ee728b)
Start importing Assets/Models/Ceramic/Ceramic 7 broken/Texture/Brown4/Ceramic 7 broken_Metallic_Brown4.png using Guid(c6c05ff9710bea2488e1bcdcc7860d28) Importer(815301076,1909f56bfc062723c751e8b465ee728b)  -> (artifact id: '0e3002ed85d23f399a8eac6fbf597884') in 0.015899 seconds 
========================================================================
Received Import Request.
  Time since last request: 0.000067 seconds.
  path: Assets/Models/Ceramic/Ceramic 7 broken/Texture/Green2/Ceramic 7 broken_Metallic_Green2.png
  artifactKey: Guid(d780e534daee95840863ff93dcf4618d) Importer(815301076,1909f56bfc062723c751e8b465ee728b)
Start importing Assets/Models/Ceramic/Ceramic 7 broken/Texture/Green2/Ceramic 7 broken_Metallic_Green2.png using Guid(d780e534daee95840863ff93dcf4618d) Importer(815301076,1909f56bfc062723c751e8b465ee728b)  -> (artifact id: '26cfb00945832d7fbe639fe75c24d068') in 0.018413 seconds 
========================================================================
Received Import Request.
  Time since last request: 0.000036 seconds.
  path: Assets/Models/Ceramic/Ceramic 7 broken/Texture/Green1/Ceramic 7 broken_Metallic_Green1.png
  artifactKey: Guid(be02bcdd1a3655646844b0a0580df2e0) Importer(815301076,1909f56bfc062723c751e8b465ee728b)
Start importing Assets/Models/Ceramic/Ceramic 7 broken/Texture/Green1/Ceramic 7 broken_Metallic_Green1.png using Guid(be02bcdd1a3655646844b0a0580df2e0) Importer(815301076,1909f56bfc062723c751e8b465ee728b)  -> (artifact id: 'd9e4256696b268387aaec64472e94686') in 0.017605 seconds 
========================================================================
Received Import Request.
  Time since last request: 14.320830 seconds.
  path: Assets/Models/Nuotio/Firepit_Firepit_D.png
  artifactKey: Guid(7e5dd8527bf5dd345b5e5873bcd30ae1) Importer(815301076,1909f56bfc062723c751e8b465ee728b)
Start importing Assets/Models/Nuotio/Firepit_Firepit_D.png using Guid(7e5dd8527bf5dd345b5e5873bcd30ae1) Importer(815301076,1909f56bfc062723c751e8b465ee728b)  -> (artifact id: 'e080ae935bf7f98803a12d2aa943e691') in 0.016539 seconds 
========================================================================
Received Import Request.
  Time since last request: 14.252107 seconds.
  path: Assets/Models/Nuotio/Firepit_Firepit_N.png
  artifactKey: Guid(a7234dd3b86effd488e700cafc75f12f) Importer(815301076,1909f56bfc062723c751e8b465ee728b)
Start importing Assets/Models/Nuotio/Firepit_Firepit_N.png using Guid(a7234dd3b86effd488e700cafc75f12f) Importer(815301076,1909f56bfc062723c751e8b465ee728b)  -> (artifact id: '362bf9d40767e8018ce1f3f5fc99d634') in 0.019346 seconds 
========================================================================
Received Import Request.
  Time since last request: 27.577702 seconds.
  path: Assets/Models/Kuusi/Tannenast_png.png
  artifactKey: Guid(06466f9d6fb0a2e45833086cda6ab44f) Importer(815301076,1909f56bfc062723c751e8b465ee728b)
Start importing Assets/Models/Kuusi/Tannenast_png.png using Guid(06466f9d6fb0a2e45833086cda6ab44f) Importer(815301076,1909f56bfc062723c751e8b465ee728b)  -> (artifact id: '629e1724159c1fed91115a79cfacce8c') in 0.015192 seconds 
========================================================================
Received Import Request.
  Time since last request: 4.904974 seconds.
  path: Assets/Models/Kuusi/Tannenast_png_NRM.jpg
  artifactKey: Guid(2450443bbe641b14e817dd683ed4ca00) Importer(815301076,1909f56bfc062723c751e8b465ee728b)
Start importing Assets/Models/Kuusi/Tannenast_png_NRM.jpg using Guid(2450443bbe641b14e817dd683ed4ca00) Importer(815301076,1909f56bfc062723c751e8b465ee728b)  -> (artifact id: 'fc441e83ba00dd192bbfcd899c567275') in 0.016573 seconds 
========================================================================
Received Import Request.
  Time since last request: 27.218590 seconds.
  path: Assets/Models/Bush1/bush_metallic.png
  artifactKey: Guid(ea369c7fa7cc4f64186e0514800370c8) Importer(815301076,1909f56bfc062723c751e8b465ee728b)
Start importing Assets/Models/Bush1/bush_metallic.png using Guid(ea369c7fa7cc4f64186e0514800370c8) Importer(815301076,1909f56bfc062723c751e8b465ee728b)  -> (artifact id: '8e98e7c3dd6c3e589fc4b7fbb0254814') in 0.018382 seconds 
========================================================================
Received Import Request.
  Time since last request: 31.346280 seconds.
  path: Assets/Models/Kuusi/bark-texture_seamless.png
  artifactKey: Guid(ad93d82bacdefb4479639c764d263c44) Importer(815301076,1909f56bfc062723c751e8b465ee728b)
Start importing Assets/Models/Kuusi/bark-texture_seamless.png using Guid(ad93d82bacdefb4479639c764d263c44) Importer(815301076,1909f56bfc062723c751e8b465ee728b)  -> (artifact id: '7276884514a8c259711d045594bae329') in 0.016413 seconds 
========================================================================
Received Import Request.
  Time since last request: 0.002476 seconds.
  path: Assets/Models/Kuusi/bark-texture_seamless_DISP.jpg
  artifactKey: Guid(fc65484d15f7fc7498ec0ff69651b435) Importer(815301076,1909f56bfc062723c751e8b465ee728b)
Start importing Assets/Models/Kuusi/bark-texture_seamless_DISP.jpg using Guid(fc65484d15f7fc7498ec0ff69651b435) Importer(815301076,1909f56bfc062723c751e8b465ee728b)  -> (artifact id: '2a1ec409cfd4a9bb6f95e0256b532721') in 0.016997 seconds 
========================================================================
Received Import Request.
  Time since last request: 15.116285 seconds.
  path: Assets/Models/Ceramic/Ceramic 1 2/Texture/Brown1/Ceramic 1 2_Normal_Brown1.png
  artifactKey: Guid(b46b4008fdd1f4c479cd8dde6b63974b) Importer(815301076,1909f56bfc062723c751e8b465ee728b)
Start importing Assets/Models/Ceramic/Ceramic 1 2/Texture/Brown1/Ceramic 1 2_Normal_Brown1.png using Guid(b46b4008fdd1f4c479cd8dde6b63974b) Importer(815301076,1909f56bfc062723c751e8b465ee728b)  -> (artifact id: 'e66cf399e7e716d7ac3d3d4b1d43cd35') in 0.017558 seconds 
========================================================================
Received Import Request.
  Time since last request: 0.000030 seconds.
  path: Assets/Models/Ceramic/Ceramic 1 2/Texture/Gray2/Ceramic 1 2_Normal_Gray2.png
  artifactKey: Guid(1ad9c324855bb64459ab96b97e14edf6) Importer(815301076,1909f56bfc062723c751e8b465ee728b)
Start importing Assets/Models/Ceramic/Ceramic 1 2/Texture/Gray2/Ceramic 1 2_Normal_Gray2.png using Guid(1ad9c324855bb64459ab96b97e14edf6) Importer(815301076,1909f56bfc062723c751e8b465ee728b)  -> (artifact id: '38cb407088d359c42bb7ffe9ffc6665b') in 0.023334 seconds 
========================================================================
Received Import Request.
  Time since last request: 0.000031 seconds.
  path: Assets/Models/Ceramic/Ceramic 1 2/Texture/Green2/Ceramic 1 2_Normal_Green2.png
  artifactKey: Guid(0a78bc9426d92b64d98d33a558e5cae1) Importer(815301076,1909f56bfc062723c751e8b465ee728b)
Start importing Assets/Models/Ceramic/Ceramic 1 2/Texture/Green2/Ceramic 1 2_Normal_Green2.png using Guid(0a78bc9426d92b64d98d33a558e5cae1) Importer(815301076,1909f56bfc062723c751e8b465ee728b)  -> (artifact id: '752bf56b923bce2559968a39bc544f77') in 0.018518 seconds 
========================================================================
Received Import Request.
  Time since last request: 0.000065 seconds.
  path: Assets/Models/Ceramic/Ceramic 1 2/Texture/Brown3/Ceramic 1 2_Normal_Brown3.png
  artifactKey: Guid(c83a34aa49f528445a2674b928d8b458) Importer(815301076,1909f56bfc062723c751e8b465ee728b)
Start importing Assets/Models/Ceramic/Ceramic 1 2/Texture/Brown3/Ceramic 1 2_Normal_Brown3.png using Guid(c83a34aa49f528445a2674b928d8b458) Importer(815301076,1909f56bfc062723c751e8b465ee728b)  -> (artifact id: '725306078cf13374958bea2b48d05715') in 0.021221 seconds 
========================================================================
Received Import Request.
  Time since last request: 0.000035 seconds.
  path: Assets/Models/Ceramic/Ceramic 1 2/Texture/Brown5/Ceramic 1 2_Normal_Brown5.png
  artifactKey: Guid(ee90399fa3dbfeb42a3eb722edf22383) Importer(815301076,1909f56bfc062723c751e8b465ee728b)
Start importing Assets/Models/Ceramic/Ceramic 1 2/Texture/Brown5/Ceramic 1 2_Normal_Brown5.png using Guid(ee90399fa3dbfeb42a3eb722edf22383) Importer(815301076,1909f56bfc062723c751e8b465ee728b)  -> (artifact id: '8fbbabd575d4c57355e68cd03468bfad') in 0.019410 seconds 
Editor requested this worker to shutdown with reason: Scaling down because of idle timeout
AssetImportWorker is now disconnected from the server
Process exiting
Exiting without the bug reporter. Application will terminate with return code 0